2025-08-18 20:39:35.815 [background-preinit] INFO  o.h.validator.internal.util.Version - HV000001: Hibernate Validator 8.0.2.Final
2025-08-18 20:39:35.836 [restartedMain] INFO  c.m.ps_empresa.PsEmpresaApplication - Starting PsEmpresaApplication using Java 24.0.2 with PID 72001 (/Users/luishenrique/Documents/particular/MyPetAdmin/Backend/MS/ps_empresa/target/classes started by luishenrique in /Users/luishenrique/Documents/particular/MyPetAdmin/Backend/MS/ps_empresa)
2025-08-18 20:39:35.837 [restartedMain] INFO  c.m.ps_empresa.PsEmpresaApplication - No active profile set, falling back to 1 default profile: "default"
2025-08-18 20:39:35.858 [restartedMain] INFO  o.s.b.d.e.DevToolsPropertyDefaultsPostProcessor - Devtools property defaults active! Set 'spring.devtools.add-properties' to 'false' to disable
2025-08-18 20:39:35.858 [restartedMain] INFO  o.s.b.d.e.DevToolsPropertyDefaultsPostProcessor - For additional web related logging consider setting the 'logging.level.web' property to 'DEBUG'
2025-08-18 20:39:36.229 [restartedMain] INFO  o.s.d.r.c.RepositoryConfigurationDelegate - Bootstrapping Spring Data JPA repositories in DEFAULT mode.
2025-08-18 20:39:36.262 [restartedMain] INFO  o.s.d.r.c.RepositoryConfigurationDelegate - Finished Spring Data repository scanning in 25 ms. Found 1 JPA repository interface.
2025-08-18 20:39:36.505 [restartedMain] INFO  o.s.b.w.e.tomcat.TomcatWebServer - Tomcat initialized with port 8081 (http)
2025-08-18 20:39:36.515 [restartedMain] INFO  o.a.coyote.http11.Http11NioProtocol - Initializing ProtocolHandler ["http-nio-8081"]
2025-08-18 20:39:36.516 [restartedMain] INFO  o.a.catalina.core.StandardService - Starting service [Tomcat]
2025-08-18 20:39:36.517 [restartedMain] INFO  o.a.catalina.core.StandardEngine - Starting Servlet engine: [Apache Tomcat/10.1.42]
2025-08-18 20:39:36.535 [restartedMain] INFO  o.a.c.c.C.[Tomcat].[localhost].[/] - Initializing Spring embedded WebApplicationContext
2025-08-18 20:39:36.535 [restartedMain] INFO  o.s.b.w.s.c.ServletWebServerApplicationContext - Root WebApplicationContext: initialization completed in 677 ms
2025-08-18 20:39:36.632 [restartedMain] INFO  org.hibernate.Version - HHH000412: Hibernate ORM core version 6.6.18.Final
2025-08-18 20:39:36.648 [restartedMain] INFO  o.h.c.i.RegionFactoryInitiator - HHH000026: Second-level cache disabled
2025-08-18 20:39:36.771 [restartedMain] INFO  o.s.o.j.p.SpringPersistenceUnitInfo - No LoadTimeWeaver setup: ignoring JPA class transformer
2025-08-18 20:39:36.786 [restartedMain] INFO  com.zaxxer.hikari.HikariDataSource - HikariPool-1 - Starting...
2025-08-18 20:39:36.875 [restartedMain] INFO  com.zaxxer.hikari.pool.HikariPool - HikariPool-1 - Added connection org.postgresql.jdbc.PgConnection@14f26026
2025-08-18 20:39:36.876 [restartedMain] INFO  com.zaxxer.hikari.HikariDataSource - HikariPool-1 - Start completed.
2025-08-18 20:39:36.901 [restartedMain] INFO  o.hibernate.orm.connections.pooling - HHH10001005: Database info:
	Database JDBC URL [Connecting through datasource 'HikariDataSource (HikariPool-1)']
	Database driver: undefined/unknown
	Database version: 17.6
	Autocommit mode: undefined/unknown
	Isolation level: undefined/unknown
	Minimum pool size: undefined/unknown
	Maximum pool size: undefined/unknown
2025-08-18 20:39:37.254 [restartedMain] INFO  o.h.e.t.j.p.i.JtaPlatformInitiator - HHH000489: No JTA platform available (set 'hibernate.transaction.jta.platform' to enable JTA platform integration)
2025-08-18 20:39:37.303 [restartedMain] INFO  o.s.o.j.LocalContainerEntityManagerFactoryBean - Initialized JPA EntityManagerFactory for persistence unit 'default'
2025-08-18 20:39:37.699 [restartedMain] INFO  o.s.b.d.a.OptionalLiveReloadServer - LiveReload server is running on port 35729
2025-08-18 20:39:37.704 [restartedMain] INFO  o.a.coyote.http11.Http11NioProtocol - Starting ProtocolHandler ["http-nio-8081"]
2025-08-18 20:39:37.712 [restartedMain] INFO  o.s.b.w.e.tomcat.TomcatWebServer - Tomcat started on port 8081 (http) with context path '/'
2025-08-18 20:39:37.721 [restartedMain] INFO  c.m.ps_empresa.PsEmpresaApplication - Started PsEmpresaApplication in 2.162 seconds (process running for 2.392)
2025-08-18 20:43:13.410 [http-nio-8081-exec-3] INFO  o.a.c.c.C.[Tomcat].[localhost].[/] - Initializing Spring DispatcherServlet 'dispatcherServlet'
2025-08-18 20:43:13.410 [http-nio-8081-exec-3] INFO  o.s.web.servlet.DispatcherServlet - Initializing Servlet 'dispatcherServlet'
2025-08-18 20:43:13.414 [http-nio-8081-exec-3] INFO  o.s.web.servlet.DispatcherServlet - Completed initialization in 4 ms
2025-08-18 20:43:13.885 [http-nio-8081-exec-7] INFO  o.s.api.AbstractOpenApiResource - Init duration for springdoc-openapi is: 284 ms
2025-08-18 20:43:22.946 [http-nio-8081-exec-5] INFO  c.m.p.controller.EmpresaController - Iniciado a busca por empresas no banco de dados
2025-08-18 20:43:23.045 [http-nio-8081-exec-5] INFO  c.m.p.s.impl.EmpresaServiceImpl - Busca de empresas realizada com filtros: | Total resultados: 5
2025-08-18 20:43:50.218 [http-nio-8081-exec-4] INFO  c.m.p.controller.EmpresaController - Buscando empresa com id 243eb9e5-3ca4-4b25-97e7-6e82c3cf6430 para excluir.
2025-08-18 20:43:50.256 [http-nio-8081-exec-4] INFO  c.m.p.s.impl.EmpresaServiceImpl - Empresa com o id 243eb9e5-3ca4-4b25-97e7-6e82c3cf6430 foi excluida com sucesso
2025-08-18 20:44:06.274 [http-nio-8081-exec-2] INFO  c.m.p.controller.EmpresaController - Iniciado a busca pela empresa com id: 243eb9e5-3ca4-4b25-97e7-6e82c3cf6430
2025-08-18 20:44:50.538 [http-nio-8081-exec-3] INFO  c.m.p.controller.EmpresaController - Buscando empresa com id 243eb9e5-3ca4-4b25-97e7-6e82c3cf6430 para excluir.
2025-08-18 20:45:05.169 [http-nio-8081-exec-9] INFO  c.m.p.controller.EmpresaController - Buscando empresa com id 243eb9e5-3ca4-4b25-97e7-6e82c3cf6430 para excluir.
2025-08-18 20:51:24.290 [File Watcher] INFO  o.s.b.d.a.LocalDevToolsAutoConfiguration$RestartingClassPathChangeChangedEventListener - Restarting due to 1 class path change (0 additions, 0 deletions, 1 modification)
2025-08-18 20:51:24.299 [Thread-5] INFO  o.s.b.w.e.tomcat.GracefulShutdown - Commencing graceful shutdown. Waiting for active requests to complete
2025-08-18 20:51:24.300 [tomcat-shutdown] INFO  o.a.coyote.http11.Http11NioProtocol - Pausing ProtocolHandler ["http-nio-8081"]
2025-08-18 20:51:24.305 [tomcat-shutdown] INFO  o.s.b.w.e.tomcat.GracefulShutdown - Graceful shutdown complete
2025-08-18 20:51:24.305 [Thread-5] INFO  o.a.coyote.http11.Http11NioProtocol - Stopping ProtocolHandler ["http-nio-8081"]
2025-08-18 20:51:24.309 [Thread-5] INFO  o.s.o.j.LocalContainerEntityManagerFactoryBean - Closing JPA EntityManagerFactory for persistence unit 'default'
2025-08-18 20:51:24.313 [Thread-5] INFO  com.zaxxer.hikari.HikariDataSource - HikariPool-1 - Shutdown initiated...
2025-08-18 20:51:24.316 [Thread-5] INFO  com.zaxxer.hikari.HikariDataSource - HikariPool-1 - Shutdown completed.
2025-08-18 20:51:24.401 [restartedMain] INFO  c.m.ps_empresa.PsEmpresaApplication - Starting PsEmpresaApplication using Java 24.0.2 with PID 72001 (/Users/luishenrique/Documents/particular/MyPetAdmin/Backend/MS/ps_empresa/target/classes started by luishenrique in /Users/luishenrique/Documents/particular/MyPetAdmin/Backend/MS/ps_empresa)
2025-08-18 20:51:24.401 [restartedMain] INFO  c.m.ps_empresa.PsEmpresaApplication - No active profile set, falling back to 1 default profile: "default"
2025-08-18 20:51:24.485 [background-preinit] INFO  o.h.validator.internal.util.Version - HV000001: Hibernate Validator 8.0.2.Final
2025-08-18 20:51:24.507 [main] INFO  c.m.p.c.EmpresaControllerTest - Starting EmpresaControllerTest using Java 24.0.2 with PID 73630 (started by luishenrique in /Users/luishenrique/Documents/particular/MyPetAdmin/Backend/MS/ps_empresa)
2025-08-18 20:51:24.508 [main] INFO  c.m.p.c.EmpresaControllerTest - No active profile set, falling back to 1 default profile: "default"
2025-08-18 20:51:24.519 [restartedMain] INFO  o.s.d.r.c.RepositoryConfigurationDelegate - Bootstrapping Spring Data JPA repositories in DEFAULT mode.
2025-08-18 20:51:24.534 [restartedMain] INFO  o.s.d.r.c.RepositoryConfigurationDelegate - Finished Spring Data repository scanning in 14 ms. Found 1 JPA repository interface.
2025-08-18 20:51:24.590 [restartedMain] INFO  o.s.b.w.e.tomcat.TomcatWebServer - Tomcat initialized with port 8081 (http)
2025-08-18 20:51:24.591 [restartedMain] INFO  o.a.coyote.http11.Http11NioProtocol - Initializing ProtocolHandler ["http-nio-8081"]
2025-08-18 20:51:24.591 [restartedMain] INFO  o.a.catalina.core.StandardService - Starting service [Tomcat]
2025-08-18 20:51:24.591 [restartedMain] INFO  o.a.catalina.core.StandardEngine - Starting Servlet engine: [Apache Tomcat/10.1.42]
2025-08-18 20:51:24.602 [restartedMain] INFO  o.a.c.c.C.[Tomcat].[localhost].[/] - Initializing Spring embedded WebApplicationContext
2025-08-18 20:51:24.602 [restartedMain] INFO  o.s.b.w.s.c.ServletWebServerApplicationContext - Root WebApplicationContext: initialization completed in 199 ms
2025-08-18 20:51:24.627 [restartedMain] INFO  o.h.c.i.RegionFactoryInitiator - HHH000026: Second-level cache disabled
2025-08-18 20:51:24.639 [restartedMain] INFO  o.s.o.j.p.SpringPersistenceUnitInfo - No LoadTimeWeaver setup: ignoring JPA class transformer
2025-08-18 20:51:24.643 [restartedMain] INFO  com.zaxxer.hikari.HikariDataSource - HikariPool-2 - Starting...
2025-08-18 20:51:24.691 [restartedMain] INFO  com.zaxxer.hikari.pool.HikariPool - HikariPool-2 - Added connection org.postgresql.jdbc.PgConnection@12c0b00a
2025-08-18 20:51:24.691 [restartedMain] INFO  com.zaxxer.hikari.HikariDataSource - HikariPool-2 - Start completed.
2025-08-18 20:51:24.695 [restartedMain] INFO  o.hibernate.orm.connections.pooling - HHH10001005: Database info:
	Database JDBC URL [Connecting through datasource 'HikariDataSource (HikariPool-2)']
	Database driver: undefined/unknown
	Database version: 17.6
	Autocommit mode: undefined/unknown
	Isolation level: undefined/unknown
	Minimum pool size: undefined/unknown
	Maximum pool size: undefined/unknown
2025-08-18 20:51:24.759 [restartedMain] INFO  o.h.e.t.j.p.i.JtaPlatformInitiator - HHH000489: No JTA platform available (set 'hibernate.transaction.jta.platform' to enable JTA platform integration)
2025-08-18 20:51:24.777 [restartedMain] INFO  o.s.o.j.LocalContainerEntityManagerFactoryBean - Initialized JPA EntityManagerFactory for persistence unit 'default'
2025-08-18 20:51:24.887 [restartedMain] INFO  o.s.b.d.a.OptionalLiveReloadServer - LiveReload server is running on port 35729
2025-08-18 20:51:24.890 [restartedMain] INFO  o.a.coyote.http11.Http11NioProtocol - Starting ProtocolHandler ["http-nio-8081"]
2025-08-18 20:51:24.895 [restartedMain] INFO  o.s.b.w.e.tomcat.TomcatWebServer - Tomcat started on port 8081 (http) with context path '/'
2025-08-18 20:51:24.900 [restartedMain] INFO  c.m.ps_empresa.PsEmpresaApplication - Started PsEmpresaApplication in 0.523 seconds (process running for 709.575)
2025-08-18 20:51:24.902 [restartedMain] INFO  o.s.b.d.a.ConditionEvaluationDeltaLoggingListener - Condition evaluation unchanged
2025-08-18 20:51:25.567 [main] INFO  o.s.b.t.m.w.SpringBootMockServletContext - Initializing Spring TestDispatcherServlet ''
2025-08-18 20:51:25.567 [main] INFO  o.s.t.w.s.TestDispatcherServlet - Initializing Servlet ''
2025-08-18 20:51:25.569 [main] INFO  o.s.t.w.s.TestDispatcherServlet - Completed initialization in 2 ms
2025-08-18 20:51:25.587 [main] INFO  c.m.p.c.EmpresaControllerTest - Started EmpresaControllerTest in 1.387 seconds (process running for 1.956)
2025-08-18 20:51:25.637 [main] INFO  c.m.p.controller.EmpresaController - Buscando empresa com id 571648ea-f643-419d-aaf0-57df2eed6d14 para excluir.
2025-08-18 20:51:25.663 [main] INFO  c.m.p.controller.EmpresaController - Recebendo requisição para atualização do status da empresa com id $74e735cb-dc1b-44d4-a2db-017ab35c5e98 para o status $ATIVO.
2025-08-18 20:51:25.663 [main] INFO  c.m.p.controller.EmpresaController - Status da empresa com o id $74e735cb-dc1b-44d4-a2db-017ab35c5e98 foi alterado para $ATIVO com sucesso.
2025-08-18 20:51:25.706 [main] INFO  c.m.p.controller.EmpresaController - Iniciado a busca por empresas no banco de dados
2025-08-18 20:51:25.723 [main] INFO  c.m.p.controller.EmpresaController - Iniciado a busca por empresas no banco de dados
2025-08-18 20:51:25.728 [main] INFO  c.m.p.controller.EmpresaController - Recebendo requisição para atualização do status da empresa com id $9ab9080b-2f72-4990-86d9-ed501c1148d3 para o status $INATIVO.
2025-08-18 20:51:25.804 [main] INFO  c.m.p.controller.EmpresaController - Recebendo requisição para cadastrar empresa: CNPJ=17395568000151, Razão Social=Empresa Teste, Nome Fantasia=Fantasia Teste, Telefone=41999999999, Email=teste@empresa.com, Endereco=Rua A, 123, Bloco A, Bairro Central, Cidade=Curitiba, Estado=PR, CEP=01001000
2025-08-18 20:51:25.804 [main] INFO  c.m.p.controller.EmpresaController - Empresa cadastrada com sucesso: id=60e670a3-d4b0-498d-883b-3bb891d59d6d, CNPJ=17395568000151, Status=AGUARDANDO_PAGAMENTO
2025-08-18 20:51:25.819 [main] INFO  c.m.p.controller.EmpresaController - Iniciado a busca pela empresa com id: d2f43121-806b-4314-8514-b1cc17fa9a6b
2025-08-18 20:51:25.824 [main] INFO  c.m.p.controller.EmpresaController - Iniciado a busca pela empresa com id: 5f6ed66a-a3c6-4890-ada1-b055a73a471a
2025-08-18 20:51:25.830 [main] INFO  c.m.p.controller.EmpresaController - Buscando empresa com id 3ab68a63-1967-4647-a4c9-7a7fbc5f60f3 para excluir.
2025-08-18 21:02:43.179 [File Watcher] INFO  o.s.b.d.a.LocalDevToolsAutoConfiguration$RestartingClassPathChangeChangedEventListener - Restarting due to 1 class path change (0 additions, 0 deletions, 1 modification)
2025-08-18 21:02:43.185 [Thread-7] INFO  o.s.b.w.e.tomcat.GracefulShutdown - Commencing graceful shutdown. Waiting for active requests to complete
2025-08-18 21:02:43.186 [tomcat-shutdown] INFO  o.a.coyote.http11.Http11NioProtocol - Pausing ProtocolHandler ["http-nio-8081"]
2025-08-18 21:02:43.188 [tomcat-shutdown] INFO  o.s.b.w.e.tomcat.GracefulShutdown - Graceful shutdown complete
2025-08-18 21:02:43.188 [Thread-7] INFO  o.a.coyote.http11.Http11NioProtocol - Stopping ProtocolHandler ["http-nio-8081"]
2025-08-18 21:02:43.190 [Thread-7] INFO  o.s.o.j.LocalContainerEntityManagerFactoryBean - Closing JPA EntityManagerFactory for persistence unit 'default'
2025-08-18 21:02:43.192 [Thread-7] INFO  com.zaxxer.hikari.HikariDataSource - HikariPool-2 - Shutdown initiated...
2025-08-18 21:02:43.194 [Thread-7] INFO  com.zaxxer.hikari.HikariDataSource - HikariPool-2 - Shutdown completed.
2025-08-18 21:02:43.282 [restartedMain] INFO  c.m.ps_empresa.PsEmpresaApplication - Starting PsEmpresaApplication using Java 24.0.2 with PID 72001 (/Users/luishenrique/Documents/particular/MyPetAdmin/Backend/MS/ps_empresa/target/classes started by luishenrique in /Users/luishenrique/Documents/particular/MyPetAdmin/Backend/MS/ps_empresa)
2025-08-18 21:02:43.283 [restartedMain] INFO  c.m.ps_empresa.PsEmpresaApplication - No active profile set, falling back to 1 default profile: "default"
2025-08-18 21:02:43.362 [restartedMain] INFO  o.s.d.r.c.RepositoryConfigurationDelegate - Bootstrapping Spring Data JPA repositories in DEFAULT mode.
2025-08-18 21:02:43.372 [restartedMain] INFO  o.s.d.r.c.RepositoryConfigurationDelegate - Finished Spring Data repository scanning in 9 ms. Found 1 JPA repository interface.
2025-08-18 21:02:43.420 [restartedMain] INFO  o.s.b.w.e.tomcat.TomcatWebServer - Tomcat initialized with port 8081 (http)
2025-08-18 21:02:43.421 [restartedMain] INFO  o.a.coyote.http11.Http11NioProtocol - Initializing ProtocolHandler ["http-nio-8081"]
2025-08-18 21:02:43.421 [restartedMain] INFO  o.a.catalina.core.StandardService - Starting service [Tomcat]
2025-08-18 21:02:43.421 [restartedMain] INFO  o.a.catalina.core.StandardEngine - Starting Servlet engine: [Apache Tomcat/10.1.42]
2025-08-18 21:02:43.427 [restartedMain] INFO  o.a.c.c.C.[Tomcat].[localhost].[/] - Initializing Spring embedded WebApplicationContext
2025-08-18 21:02:43.427 [restartedMain] INFO  o.s.b.w.s.c.ServletWebServerApplicationContext - Root WebApplicationContext: initialization completed in 143 ms
2025-08-18 21:02:43.443 [restartedMain] INFO  o.h.c.i.RegionFactoryInitiator - HHH000026: Second-level cache disabled
2025-08-18 21:02:43.447 [restartedMain] INFO  o.s.o.j.p.SpringPersistenceUnitInfo - No LoadTimeWeaver setup: ignoring JPA class transformer
2025-08-18 21:02:43.448 [restartedMain] INFO  com.zaxxer.hikari.HikariDataSource - HikariPool-3 - Starting...
2025-08-18 21:02:43.492 [restartedMain] INFO  com.zaxxer.hikari.pool.HikariPool - HikariPool-3 - Added connection org.postgresql.jdbc.PgConnection@846c829
2025-08-18 21:02:43.492 [restartedMain] INFO  com.zaxxer.hikari.HikariDataSource - HikariPool-3 - Start completed.
2025-08-18 21:02:43.494 [restartedMain] INFO  o.hibernate.orm.connections.pooling - HHH10001005: Database info:
	Database JDBC URL [Connecting through datasource 'HikariDataSource (HikariPool-3)']
	Database driver: undefined/unknown
	Database version: 17.6
	Autocommit mode: undefined/unknown
	Isolation level: undefined/unknown
	Minimum pool size: undefined/unknown
	Maximum pool size: undefined/unknown
2025-08-18 21:02:43.521 [restartedMain] INFO  o.h.e.t.j.p.i.JtaPlatformInitiator - HHH000489: No JTA platform available (set 'hibernate.transaction.jta.platform' to enable JTA platform integration)
2025-08-18 21:02:43.540 [restartedMain] INFO  o.s.o.j.LocalContainerEntityManagerFactoryBean - Initialized JPA EntityManagerFactory for persistence unit 'default'
2025-08-18 21:02:43.603 [restartedMain] INFO  o.s.b.d.a.OptionalLiveReloadServer - LiveReload server is running on port 35729
2025-08-18 21:02:43.605 [restartedMain] INFO  o.a.coyote.http11.Http11NioProtocol - Starting ProtocolHandler ["http-nio-8081"]
2025-08-18 21:02:43.605 [restartedMain] INFO  o.s.b.w.e.tomcat.TomcatWebServer - Tomcat started on port 8081 (http) with context path '/'
2025-08-18 21:02:43.608 [restartedMain] INFO  c.m.ps_empresa.PsEmpresaApplication - Started PsEmpresaApplication in 0.344 seconds (process running for 1388.304)
2025-08-18 21:02:43.609 [restartedMain] INFO  o.s.b.d.a.ConditionEvaluationDeltaLoggingListener - Condition evaluation unchanged
2025-08-18 21:08:56.498 [File Watcher] INFO  o.s.b.d.a.LocalDevToolsAutoConfiguration$RestartingClassPathChangeChangedEventListener - Restarting due to 28 class path changes (0 additions, 0 deletions, 28 modifications)
2025-08-18 21:08:56.505 [Thread-11] INFO  o.s.b.w.e.tomcat.GracefulShutdown - Commencing graceful shutdown. Waiting for active requests to complete
2025-08-18 21:08:56.506 [tomcat-shutdown] INFO  o.a.coyote.http11.Http11NioProtocol - Pausing ProtocolHandler ["http-nio-8081"]
2025-08-18 21:08:56.508 [tomcat-shutdown] INFO  o.s.b.w.e.tomcat.GracefulShutdown - Graceful shutdown complete
2025-08-18 21:08:56.508 [Thread-11] INFO  o.a.coyote.http11.Http11NioProtocol - Stopping ProtocolHandler ["http-nio-8081"]
2025-08-18 21:08:56.510 [Thread-11] INFO  o.s.o.j.LocalContainerEntityManagerFactoryBean - Closing JPA EntityManagerFactory for persistence unit 'default'
2025-08-18 21:08:56.511 [Thread-11] INFO  com.zaxxer.hikari.HikariDataSource - HikariPool-3 - Shutdown initiated...
2025-08-18 21:08:56.513 [Thread-11] INFO  com.zaxxer.hikari.HikariDataSource - HikariPool-3 - Shutdown completed.
2025-08-18 21:08:56.595 [restartedMain] INFO  c.m.ps_empresa.PsEmpresaApplication - Starting PsEmpresaApplication using Java 24.0.2 with PID 72001 (/Users/luishenrique/Documents/particular/MyPetAdmin/Backend/MS/ps_empresa/target/classes started by luishenrique in /Users/luishenrique/Documents/particular/MyPetAdmin/Backend/MS/ps_empresa)
2025-08-18 21:08:56.596 [restartedMain] INFO  c.m.ps_empresa.PsEmpresaApplication - No active profile set, falling back to 1 default profile: "default"
2025-08-18 21:08:56.751 [restartedMain] INFO  o.s.d.r.c.RepositoryConfigurationDelegate - Bootstrapping Spring Data JPA repositories in DEFAULT mode.
2025-08-18 21:08:56.758 [restartedMain] INFO  o.s.d.r.c.RepositoryConfigurationDelegate - Finished Spring Data repository scanning in 6 ms. Found 1 JPA repository interface.
2025-08-18 21:08:56.795 [restartedMain] INFO  o.s.b.w.e.tomcat.TomcatWebServer - Tomcat initialized with port 8081 (http)
2025-08-18 21:08:56.795 [restartedMain] INFO  o.a.coyote.http11.Http11NioProtocol - Initializing ProtocolHandler ["http-nio-8081"]
2025-08-18 21:08:56.795 [restartedMain] INFO  o.a.catalina.core.StandardService - Starting service [Tomcat]
2025-08-18 21:08:56.795 [restartedMain] INFO  o.a.catalina.core.StandardEngine - Starting Servlet engine: [Apache Tomcat/10.1.42]
2025-08-18 21:08:56.800 [restartedMain] INFO  o.a.c.c.C.[Tomcat].[localhost].[/] - Initializing Spring embedded WebApplicationContext
2025-08-18 21:08:56.800 [restartedMain] INFO  o.s.b.w.s.c.ServletWebServerApplicationContext - Root WebApplicationContext: initialization completed in 204 ms
2025-08-18 21:08:56.815 [restartedMain] INFO  o.h.c.i.RegionFactoryInitiator - HHH000026: Second-level cache disabled
2025-08-18 21:08:56.818 [restartedMain] INFO  o.s.o.j.p.SpringPersistenceUnitInfo - No LoadTimeWeaver setup: ignoring JPA class transformer
2025-08-18 21:08:56.819 [restartedMain] INFO  com.zaxxer.hikari.HikariDataSource - HikariPool-4 - Starting...
2025-08-18 21:08:56.880 [restartedMain] INFO  com.zaxxer.hikari.pool.HikariPool - HikariPool-4 - Added connection org.postgresql.jdbc.PgConnection@6b4367ed
2025-08-18 21:08:56.880 [restartedMain] INFO  com.zaxxer.hikari.HikariDataSource - HikariPool-4 - Start completed.
2025-08-18 21:08:56.882 [restartedMain] INFO  o.hibernate.orm.connections.pooling - HHH10001005: Database info:
	Database JDBC URL [Connecting through datasource 'HikariDataSource (HikariPool-4)']
	Database driver: undefined/unknown
	Database version: 17.6
	Autocommit mode: undefined/unknown
	Isolation level: undefined/unknown
	Minimum pool size: undefined/unknown
	Maximum pool size: undefined/unknown
2025-08-18 21:08:56.912 [restartedMain] INFO  o.h.e.t.j.p.i.JtaPlatformInitiator - HHH000489: No JTA platform available (set 'hibernate.transaction.jta.platform' to enable JTA platform integration)
2025-08-18 21:08:56.934 [restartedMain] INFO  o.s.o.j.LocalContainerEntityManagerFactoryBean - Initialized JPA EntityManagerFactory for persistence unit 'default'
2025-08-18 21:08:57.057 [restartedMain] INFO  o.s.b.d.a.OptionalLiveReloadServer - LiveReload server is running on port 35729
2025-08-18 21:08:57.060 [restartedMain] INFO  o.a.coyote.http11.Http11NioProtocol - Starting ProtocolHandler ["http-nio-8081"]
2025-08-18 21:08:57.062 [restartedMain] INFO  o.s.b.w.e.tomcat.TomcatWebServer - Tomcat started on port 8081 (http) with context path '/'
2025-08-18 21:08:57.065 [restartedMain] INFO  c.m.ps_empresa.PsEmpresaApplication - Started PsEmpresaApplication in 0.487 seconds (process running for 1761.764)
2025-08-18 21:08:57.065 [restartedMain] INFO  o.s.b.d.a.ConditionEvaluationDeltaLoggingListener - Condition evaluation unchanged
2025-08-18 21:08:57.420 [background-preinit] INFO  o.h.validator.internal.util.Version - HV000001: Hibernate Validator 8.0.2.Final
2025-08-18 21:08:57.439 [main] INFO  c.m.p.PsEmpresaApplicationTests - Starting PsEmpresaApplicationTests using Java 24.0.2 with PID 76130 (started by luishenrique in /Users/luishenrique/Documents/particular/MyPetAdmin/Backend/MS/ps_empresa)
2025-08-18 21:08:57.440 [main] INFO  c.m.p.PsEmpresaApplicationTests - The following 1 profile is active: "test"
2025-08-18 21:08:57.991 [main] INFO  o.s.d.r.c.RepositoryConfigurationDelegate - Bootstrapping Spring Data JPA repositories in DEFAULT mode.
2025-08-18 21:08:58.036 [main] INFO  o.s.d.r.c.RepositoryConfigurationDelegate - Finished Spring Data repository scanning in 32 ms. Found 1 JPA repository interface.
2025-08-18 21:08:58.352 [main] INFO  org.hibernate.Version - HHH000412: Hibernate ORM core version 6.6.18.Final
2025-08-18 21:08:58.372 [main] INFO  o.h.c.i.RegionFactoryInitiator - HHH000026: Second-level cache disabled
2025-08-18 21:08:58.571 [main] INFO  o.s.o.j.p.SpringPersistenceUnitInfo - No LoadTimeWeaver setup: ignoring JPA class transformer
2025-08-18 21:08:58.597 [main] INFO  com.zaxxer.hikari.HikariDataSource - HikariPool-1 - Starting...
2025-08-18 21:08:58.803 [main] INFO  com.zaxxer.hikari.pool.HikariPool - HikariPool-1 - Added connection conn0: url=jdbc:h2:mem:testdb user=SA
2025-08-18 21:08:58.804 [main] INFO  com.zaxxer.hikari.HikariDataSource - HikariPool-1 - Start completed.
2025-08-18 21:08:58.845 [main] INFO  o.hibernate.orm.connections.pooling - HHH10001005: Database info:
	Database JDBC URL [Connecting through datasource 'HikariDataSource (HikariPool-1)']
	Database driver: undefined/unknown
	Database version: 2.3.232
	Autocommit mode: undefined/unknown
	Isolation level: undefined/unknown
	Minimum pool size: undefined/unknown
	Maximum pool size: undefined/unknown
2025-08-18 21:08:59.396 [main] INFO  o.h.e.t.j.p.i.JtaPlatformInitiator - HHH000489: No JTA platform available (set 'hibernate.transaction.jta.platform' to enable JTA platform integration)
2025-08-18 21:08:59.443 [main] INFO  o.s.o.j.LocalContainerEntityManagerFactoryBean - Initialized JPA EntityManagerFactory for persistence unit 'default'
2025-08-18 21:08:59.982 [main] INFO  o.s.b.a.h.H2ConsoleAutoConfiguration - H2 console available at '/h2-console'. Database available at 'jdbc:h2:mem:testdb'
2025-08-18 21:09:00.021 [main] INFO  c.m.p.PsEmpresaApplicationTests - Started PsEmpresaApplicationTests in 3.057 seconds (process running for 3.919)
2025-08-18 21:09:00.351 [main] INFO  o.s.t.c.s.AnnotationConfigContextLoaderUtils - Could not detect default configuration classes for test class [com.mypetadmin.ps_empresa.controller.EmpresaControllerTest]: EmpresaControllerTest does not declare any static, non-private, non-final, nested classes annotated with @Configuration.
2025-08-18 21:09:00.366 [main] INFO  o.s.b.t.c.SpringBootTestContextBootstrapper - Found @SpringBootConfiguration com.mypetadmin.ps_empresa.PsEmpresaApplication for test class com.mypetadmin.ps_empresa.controller.EmpresaControllerTest
2025-08-18 21:09:00.368 [main] INFO  o.s.b.d.r.RestartApplicationListener - Restart disabled due to context in which it is running
2025-08-18 21:09:00.380 [main] INFO  c.m.p.c.EmpresaControllerTest - Starting EmpresaControllerTest using Java 24.0.2 with PID 76130 (started by luishenrique in /Users/luishenrique/Documents/particular/MyPetAdmin/Backend/MS/ps_empresa)
2025-08-18 21:09:00.380 [main] INFO  c.m.p.c.EmpresaControllerTest - No active profile set, falling back to 1 default profile: "default"
2025-08-18 21:09:00.537 [main] INFO  o.s.b.t.m.w.SpringBootMockServletContext - Initializing Spring TestDispatcherServlet ''
2025-08-18 21:09:00.537 [main] INFO  o.s.t.w.s.TestDispatcherServlet - Initializing Servlet ''
2025-08-18 21:09:00.537 [main] INFO  o.s.t.w.s.TestDispatcherServlet - Completed initialization in 0 ms
2025-08-18 21:09:00.544 [main] INFO  c.m.p.c.EmpresaControllerTest - Started EmpresaControllerTest in 0.176 seconds (process running for 4.442)
2025-08-18 21:09:00.586 [main] INFO  c.m.p.controller.EmpresaController - Buscando empresa com id 18503ee3-0816-40ca-9678-5e9356176f57 para excluir.
2025-08-18 21:09:00.607 [main] INFO  c.m.p.controller.EmpresaController - Recebendo requisição para atualização do status da empresa com id $213a617b-0cbc-4592-a6f9-736313ece8af para o status $ATIVO.
2025-08-18 21:09:00.607 [main] INFO  c.m.p.controller.EmpresaController - Status da empresa com o id $213a617b-0cbc-4592-a6f9-736313ece8af foi alterado para $ATIVO com sucesso.
2025-08-18 21:09:00.655 [main] INFO  c.m.p.controller.EmpresaController - Iniciado a busca por empresas no banco de dados
2025-08-18 21:09:00.669 [main] INFO  c.m.p.controller.EmpresaController - Iniciado a busca por empresas no banco de dados
2025-08-18 21:09:00.673 [main] INFO  c.m.p.controller.EmpresaController - Recebendo requisição para atualização do status da empresa com id $94680602-c4fd-45fb-a1e0-46522c503453 para o status $INATIVO.
2025-08-18 21:09:00.736 [main] INFO  c.m.p.controller.EmpresaController - Recebendo requisição para cadastrar empresa: CNPJ=17395568000151, Razão Social=Empresa Teste, Nome Fantasia=Fantasia Teste, Telefone=41999999999, Email=teste@empresa.com, Endereco=Rua A, 123, Bloco A, Bairro Central, Cidade=Curitiba, Estado=PR, CEP=01001000
2025-08-18 21:09:00.737 [main] INFO  c.m.p.controller.EmpresaController - Empresa cadastrada com sucesso: id=96f7e620-cc07-473d-96fe-1b1299d30eae, CNPJ=17395568000151, Status=AGUARDANDO_PAGAMENTO
2025-08-18 21:09:00.749 [main] INFO  c.m.p.controller.EmpresaController - Iniciado a busca pela empresa com id: 9c9fb39c-cd44-4854-bca4-cacdbdcd36c5
2025-08-18 21:09:00.755 [main] INFO  c.m.p.controller.EmpresaController - Iniciado a busca pela empresa com id: 007660f8-9ac7-49db-af3c-e9b96813b5c7
2025-08-18 21:09:00.758 [main] INFO  c.m.p.controller.EmpresaController - Buscando empresa com id 009e90e5-6e9b-44b1-98df-cea3be76f617 para excluir.
2025-08-18 21:09:00.899 [main] INFO  c.m.p.s.impl.EmpresaServiceImpl - Status da empresa f380ec4b-7984-4362-9914-373eba4e82a6 atualizado para ATIVO
2025-08-18 21:09:00.962 [main] INFO  c.m.p.s.impl.EmpresaServiceImpl - Busca de empresas realizada com filtros: | Total resultados: 0
2025-08-18 21:09:00.980 [main] INFO  c.m.p.s.impl.EmpresaServiceImpl - Empresa salva no banco com ID: e093ee46-08da-46b8-b885-00308e915259
2025-08-18 21:09:00.987 [main] INFO  c.m.p.s.impl.EmpresaServiceImpl - Empresa com o id df9c90d4-451b-4596-aca2-78be53e6ff09 foi encontrada com sucesso
2025-08-18 21:09:00.991 [main] INFO  c.m.p.s.impl.EmpresaServiceImpl - Empresa com o id d9a9f0f9-17c3-4699-9718-da2ea59ea791 foi excluida com sucesso
2025-08-18 21:09:00.997 [main] INFO  c.m.p.s.impl.EmpresaServiceImpl - Busca de empresas realizada com filtros: CNPJ=34222351000169 Razão Social=Pet Shop Status=ATIVO | Total resultados: 2
2025-08-18 21:09:01.003 [main] INFO  o.s.t.c.s.AnnotationConfigContextLoaderUtils - Could not detect default configuration classes for test class [com.mypetadmin.ps_empresa.exception.GlobalExceptionHandlerIntegrationTest]: GlobalExceptionHandlerIntegrationTest does not declare any static, non-private, non-final, nested classes annotated with @Configuration.
2025-08-18 21:09:01.020 [main] INFO  o.s.b.t.c.SpringBootTestContextBootstrapper - Found @SpringBootConfiguration com.mypetadmin.ps_empresa.PsEmpresaApplication for test class com.mypetadmin.ps_empresa.exception.GlobalExceptionHandlerIntegrationTest
2025-08-18 21:09:01.027 [main] INFO  c.m.p.controller.EmpresaController - Recebendo requisição para cadastrar empresa: CNPJ=12345678000195, Razão Social=Empresa Teste Ltda, Nome Fantasia=Empresa Teste, Telefone=11999999999, Email=empresa@teste.com, Endereco=Rua Teste, 100, Sala 1, Centro, Cidade=São Paulo, Estado=SP, CEP=01001000
2025-08-18 21:09:01.042 [main] INFO  c.m.p.controller.EmpresaController - Recebendo requisição para cadastrar empresa: CNPJ=12345678000195, Razão Social=Empresa Teste Ltda, Nome Fantasia=Empresa Teste, Telefone=11999999999, Email=empresa@teste.com, Endereco=Rua Teste, 100, Sala 1, Centro, Cidade=São Paulo, Estado=SP, CEP=01001000
2025-08-18 21:09:01.050 [main] INFO  c.m.p.controller.EmpresaController - Recebendo requisição para cadastrar empresa: CNPJ=12345678000195, Razão Social=Empresa Teste Ltda, Nome Fantasia=Empresa Teste, Telefone=11999999999, Email=empresa@teste.com, Endereco=Rua Teste, 100, Sala 1, Centro, Cidade=São Paulo, Estado=SP, CEP=01001000
2025-08-18 21:09:01.050 [main] INFO  c.m.p.controller.EmpresaController - Empresa cadastrada com sucesso: id=7f36b5e0-ee4f-41c9-b137-2f54e793388d, CNPJ=12345678000195, Status=AGUARDANDO_PAGAMENTO
2025-08-18 21:09:01.056 [main] INFO  c.m.p.controller.EmpresaController - Recebendo requisição para cadastrar empresa: CNPJ=12345678000195, Razão Social=Empresa Teste Ltda, Nome Fantasia=Empresa Teste, Telefone=11999999999, Email=empresa@teste.com, Endereco=Rua Teste, 100, Sala 1, Centro, Cidade=São Paulo, Estado=SP, CEP=01001000
2025-08-18 21:09:01.062 [main] INFO  c.m.p.controller.EmpresaController - Recebendo requisição para cadastrar empresa: CNPJ=12345678000195, Razão Social=Empresa Teste Ltda, Nome Fantasia=Empresa Teste, Telefone=11999999999, Email=empresa@teste.com, Endereco=Rua Teste, 100, Sala 1, Centro, Cidade=São Paulo, Estado=SP, CEP=01001000
2025-08-18 21:09:01.067 [main] INFO  c.m.p.controller.EmpresaController - Recebendo requisição para cadastrar empresa: CNPJ=12345678000195, Razão Social=Empresa Teste Ltda, Nome Fantasia=Empresa Teste, Telefone=11999999999, Email=empresa@teste.com, Endereco=Rua Teste, 100, Sala 1, Centro, Cidade=São Paulo, Estado=SP, CEP=01001000
2025-08-18 21:09:01.195 [SpringApplicationShutdownHook] INFO  o.s.o.j.LocalContainerEntityManagerFactoryBean - Closing JPA EntityManagerFactory for persistence unit 'default'
2025-08-18 21:09:01.197 [SpringApplicationShutdownHook] INFO  com.zaxxer.hikari.HikariDataSource - HikariPool-1 - Shutdown initiated...
2025-08-18 21:09:01.197 [SpringApplicationShutdownHook] INFO  com.zaxxer.hikari.HikariDataSource - HikariPool-1 - Shutdown completed.
2025-08-18 21:10:48.086 [background-preinit] INFO  o.h.validator.internal.util.Version - HV000001: Hibernate Validator 8.0.2.Final
2025-08-18 21:10:48.104 [main] INFO  c.m.p.c.EmpresaControllerTest - Starting EmpresaControllerTest using Java 24.0.2 with PID 76418 (started by luishenrique in /Users/luishenrique/Documents/particular/MyPetAdmin/Backend/MS/ps_empresa)
2025-08-18 21:10:48.105 [main] INFO  c.m.p.c.EmpresaControllerTest - No active profile set, falling back to 1 default profile: "default"
2025-08-18 21:10:48.524 [main] INFO  o.s.b.t.m.w.SpringBootMockServletContext - Initializing Spring TestDispatcherServlet ''
2025-08-18 21:10:48.525 [main] INFO  o.s.t.w.s.TestDispatcherServlet - Initializing Servlet ''
2025-08-18 21:10:48.526 [main] INFO  o.s.t.w.s.TestDispatcherServlet - Completed initialization in 0 ms
2025-08-18 21:10:48.537 [main] INFO  c.m.p.c.EmpresaControllerTest - Started EmpresaControllerTest in 0.633 seconds (process running for 1.835)
2025-08-18 21:10:48.571 [main] INFO  c.m.p.controller.EmpresaController - Buscando empresa com id cf533041-0d40-48be-9143-9e7c491fa8df para excluir.
2025-08-18 21:10:48.587 [main] INFO  c.m.p.controller.EmpresaController - Recebendo requisição para atualização do status da empresa com id $1c326dd2-feb3-43b9-bffc-9c4ffbde3340 para o status $ATIVO.
2025-08-18 21:10:48.587 [main] INFO  c.m.p.controller.EmpresaController - Status da empresa com o id $1c326dd2-feb3-43b9-bffc-9c4ffbde3340 foi alterado para $ATIVO com sucesso.
2025-08-18 21:10:48.619 [main] INFO  c.m.p.controller.EmpresaController - Iniciado a busca por empresas no banco de dados
2025-08-18 21:10:48.632 [main] INFO  c.m.p.controller.EmpresaController - Iniciado a busca por empresas no banco de dados
2025-08-18 21:10:48.636 [main] INFO  c.m.p.controller.EmpresaController - Recebendo requisição para atualização do status da empresa com id $945e503b-9393-4187-b62b-1e435415fdfa para o status $INATIVO.
2025-08-18 21:10:48.700 [main] INFO  c.m.p.controller.EmpresaController - Recebendo requisição para cadastrar empresa: CNPJ=17395568000151, Razão Social=Empresa Teste, Nome Fantasia=Fantasia Teste, Telefone=41999999999, Email=teste@empresa.com, Endereco=Rua A, 123, Bloco A, Bairro Central, Cidade=Curitiba, Estado=PR, CEP=01001000
2025-08-18 21:10:48.701 [main] INFO  c.m.p.controller.EmpresaController - Empresa cadastrada com sucesso: id=43825304-70f4-4732-a592-b088d80f0f94, CNPJ=17395568000151, Status=AGUARDANDO_PAGAMENTO
2025-08-18 21:10:48.713 [main] INFO  c.m.p.controller.EmpresaController - Iniciado a busca pela empresa com id: 9dc3621e-675d-4cb1-9f7b-1d228a73f85a
2025-08-18 21:10:48.716 [main] INFO  c.m.p.controller.EmpresaController - Iniciado a busca pela empresa com id: 8b82a89f-d366-41b8-9c21-cf477866ee8c
2025-08-18 21:10:48.719 [main] INFO  c.m.p.controller.EmpresaController - Buscando empresa com id 6380a6ed-f534-45d0-97e1-d7fc7f48248a para excluir.
2025-08-18 21:10:48.723 [main] INFO  o.s.t.c.s.AnnotationConfigContextLoaderUtils - Could not detect default configuration classes for test class [com.mypetadmin.ps_empresa.PsEmpresaApplicationTests]: PsEmpresaApplicationTests does not declare any static, non-private, non-final, nested classes annotated with @Configuration.
2025-08-18 21:10:48.729 [main] INFO  o.s.b.t.c.SpringBootTestContextBootstrapper - Found @SpringBootConfiguration com.mypetadmin.ps_empresa.PsEmpresaApplication for test class com.mypetadmin.ps_empresa.PsEmpresaApplicationTests
2025-08-18 21:10:48.731 [main] INFO  o.s.b.d.r.RestartApplicationListener - Restart disabled due to context in which it is running
2025-08-18 21:10:48.747 [main] INFO  c.m.p.PsEmpresaApplicationTests - Starting PsEmpresaApplicationTests using Java 24.0.2 with PID 76418 (started by luishenrique in /Users/luishenrique/Documents/particular/MyPetAdmin/Backend/MS/ps_empresa)
2025-08-18 21:10:48.747 [main] INFO  c.m.p.PsEmpresaApplicationTests - The following 1 profile is active: "test"
2025-08-18 21:10:48.907 [main] INFO  o.s.d.r.c.RepositoryConfigurationDelegate - Bootstrapping Spring Data JPA repositories in DEFAULT mode.
2025-08-18 21:10:48.928 [main] INFO  o.s.d.r.c.RepositoryConfigurationDelegate - Finished Spring Data repository scanning in 16 ms. Found 1 JPA repository interface.
2025-08-18 21:10:49.108 [main] INFO  org.hibernate.Version - HHH000412: Hibernate ORM core version 6.6.18.Final
2025-08-18 21:10:49.120 [main] INFO  o.h.c.i.RegionFactoryInitiator - HHH000026: Second-level cache disabled
2025-08-18 21:10:49.163 [main] INFO  o.s.o.j.p.SpringPersistenceUnitInfo - No LoadTimeWeaver setup: ignoring JPA class transformer
2025-08-18 21:10:49.176 [main] INFO  com.zaxxer.hikari.HikariDataSource - HikariPool-1 - Starting...
2025-08-18 21:10:49.262 [main] INFO  com.zaxxer.hikari.pool.HikariPool - HikariPool-1 - Added connection conn0: url=jdbc:h2:mem:testdb user=SA
2025-08-18 21:10:49.262 [main] INFO  com.zaxxer.hikari.HikariDataSource - HikariPool-1 - Start completed.
2025-08-18 21:10:49.285 [main] INFO  o.hibernate.orm.connections.pooling - HHH10001005: Database info:
	Database JDBC URL [Connecting through datasource 'HikariDataSource (HikariPool-1)']
	Database driver: undefined/unknown
	Database version: 2.3.232
	Autocommit mode: undefined/unknown
	Isolation level: undefined/unknown
	Minimum pool size: undefined/unknown
	Maximum pool size: undefined/unknown
2025-08-18 21:10:49.565 [main] INFO  o.h.e.t.j.p.i.JtaPlatformInitiator - HHH000489: No JTA platform available (set 'hibernate.transaction.jta.platform' to enable JTA platform integration)
2025-08-18 21:10:49.592 [main] INFO  o.s.o.j.LocalContainerEntityManagerFactoryBean - Initialized JPA EntityManagerFactory for persistence unit 'default'
2025-08-18 21:10:49.908 [main] INFO  o.s.b.a.h.H2ConsoleAutoConfiguration - H2 console available at '/h2-console'. Database available at 'jdbc:h2:mem:testdb'
2025-08-18 21:10:49.934 [main] INFO  c.m.p.PsEmpresaApplicationTests - Started PsEmpresaApplicationTests in 1.203 seconds (process running for 3.231)
2025-08-18 21:10:49.944 [main] INFO  o.s.t.c.s.AnnotationConfigContextLoaderUtils - Could not detect default configuration classes for test class [com.mypetadmin.ps_empresa.exception.GlobalExceptionHandlerIntegrationTest]: GlobalExceptionHandlerIntegrationTest does not declare any static, non-private, non-final, nested classes annotated with @Configuration.
2025-08-18 21:10:49.953 [main] INFO  o.s.b.t.c.SpringBootTestContextBootstrapper - Found @SpringBootConfiguration com.mypetadmin.ps_empresa.PsEmpresaApplication for test class com.mypetadmin.ps_empresa.exception.GlobalExceptionHandlerIntegrationTest
2025-08-18 21:10:49.959 [main] INFO  c.m.p.controller.EmpresaController - Recebendo requisição para cadastrar empresa: CNPJ=12345678000195, Razão Social=Empresa Teste Ltda, Nome Fantasia=Empresa Teste, Telefone=11999999999, Email=empresa@teste.com, Endereco=Rua Teste, 100, Sala 1, Centro, Cidade=São Paulo, Estado=SP, CEP=01001000
2025-08-18 21:10:49.967 [main] INFO  c.m.p.controller.EmpresaController - Recebendo requisição para cadastrar empresa: CNPJ=12345678000195, Razão Social=Empresa Teste Ltda, Nome Fantasia=Empresa Teste, Telefone=11999999999, Email=empresa@teste.com, Endereco=Rua Teste, 100, Sala 1, Centro, Cidade=São Paulo, Estado=SP, CEP=01001000
2025-08-18 21:10:49.972 [main] INFO  c.m.p.controller.EmpresaController - Recebendo requisição para cadastrar empresa: CNPJ=12345678000195, Razão Social=Empresa Teste Ltda, Nome Fantasia=Empresa Teste, Telefone=11999999999, Email=empresa@teste.com, Endereco=Rua Teste, 100, Sala 1, Centro, Cidade=São Paulo, Estado=SP, CEP=01001000
2025-08-18 21:10:49.972 [main] INFO  c.m.p.controller.EmpresaController - Empresa cadastrada com sucesso: id=855dffb5-37f3-44aa-a5a3-aae7f9cb029f, CNPJ=12345678000195, Status=AGUARDANDO_PAGAMENTO
2025-08-18 21:10:49.976 [main] INFO  c.m.p.controller.EmpresaController - Recebendo requisição para cadastrar empresa: CNPJ=12345678000195, Razão Social=Empresa Teste Ltda, Nome Fantasia=Empresa Teste, Telefone=11999999999, Email=empresa@teste.com, Endereco=Rua Teste, 100, Sala 1, Centro, Cidade=São Paulo, Estado=SP, CEP=01001000
2025-08-18 21:10:49.981 [main] INFO  c.m.p.controller.EmpresaController - Recebendo requisição para cadastrar empresa: CNPJ=12345678000195, Razão Social=Empresa Teste Ltda, Nome Fantasia=Empresa Teste, Telefone=11999999999, Email=empresa@teste.com, Endereco=Rua Teste, 100, Sala 1, Centro, Cidade=São Paulo, Estado=SP, CEP=01001000
2025-08-18 21:10:49.985 [main] INFO  c.m.p.controller.EmpresaController - Recebendo requisição para cadastrar empresa: CNPJ=12345678000195, Razão Social=Empresa Teste Ltda, Nome Fantasia=Empresa Teste, Telefone=11999999999, Email=empresa@teste.com, Endereco=Rua Teste, 100, Sala 1, Centro, Cidade=São Paulo, Estado=SP, CEP=01001000
2025-08-18 21:10:50.006 [SpringApplicationShutdownHook] INFO  o.s.o.j.LocalContainerEntityManagerFactoryBean - Closing JPA EntityManagerFactory for persistence unit 'default'
2025-08-18 21:10:50.007 [SpringApplicationShutdownHook] INFO  com.zaxxer.hikari.HikariDataSource - HikariPool-1 - Shutdown initiated...
2025-08-18 21:10:50.008 [SpringApplicationShutdownHook] INFO  com.zaxxer.hikari.HikariDataSource - HikariPool-1 - Shutdown completed.
