2025-07-27 17:13:57.053 [background-preinit] INFO  o.h.validator.internal.util.Version - HV000001: Hibernate Validator 8.0.2.Final
2025-07-27 17:13:57.060 [main] INFO  c.m.p.PsEmpresaApplicationTests - Starting PsEmpresaApplicationTests using Java 24.0.2 with PID 14530 (started by luishenrique in /Users/luishenrique/Documents/particular/MyPetAdmin/Backend/MS/ps_empresa)
2025-07-27 17:13:57.060 [main] INFO  c.m.p.PsEmpresaApplicationTests - No active profile set, falling back to 1 default profile: "default"
2025-07-27 17:13:57.381 [main] INFO  o.s.d.r.c.RepositoryConfigurationDelegate - Bootstrapping Spring Data JPA repositories in DEFAULT mode.
2025-07-27 17:13:57.408 [main] INFO  o.s.d.r.c.RepositoryConfigurationDelegate - Finished Spring Data repository scanning in 20 ms. Found 1 JPA repository interface.
2025-07-27 19:15:01.675 [background-preinit] INFO  o.h.validator.internal.util.Version - HV000001: Hibernate Validator 8.0.2.Final
2025-07-27 19:15:01.690 [restartedMain] INFO  c.m.ps_empresa.PsEmpresaApplication - Starting PsEmpresaApplication using Java 24.0.2 with PID 21705 (/Users/luishenrique/Documents/particular/MyPetAdmin/Backend/MS/ps_empresa/target/classes started by luishenrique in /Users/luishenrique/Documents/particular/MyPetAdmin/Backend/MS/ps_empresa)
2025-07-27 19:15:01.690 [restartedMain] INFO  c.m.ps_empresa.PsEmpresaApplication - No active profile set, falling back to 1 default profile: "default"
2025-07-27 19:15:01.709 [restartedMain] INFO  o.s.b.d.e.DevToolsPropertyDefaultsPostProcessor - Devtools property defaults active! Set 'spring.devtools.add-properties' to 'false' to disable
2025-07-27 19:15:01.709 [restartedMain] INFO  o.s.b.d.e.DevToolsPropertyDefaultsPostProcessor - For additional web related logging consider setting the 'logging.level.web' property to 'DEBUG'
2025-07-27 19:15:02.047 [restartedMain] INFO  o.s.d.r.c.RepositoryConfigurationDelegate - Bootstrapping Spring Data JPA repositories in DEFAULT mode.
2025-07-27 19:15:02.072 [restartedMain] INFO  o.s.d.r.c.RepositoryConfigurationDelegate - Finished Spring Data repository scanning in 19 ms. Found 1 JPA repository interface.
2025-07-27 19:15:02.295 [restartedMain] INFO  o.s.b.w.e.tomcat.TomcatWebServer - Tomcat initialized with port 8081 (http)
2025-07-27 19:15:02.302 [restartedMain] INFO  o.a.coyote.http11.Http11NioProtocol - Initializing ProtocolHandler ["http-nio-8081"]
2025-07-27 19:15:02.303 [restartedMain] INFO  o.a.catalina.core.StandardService - Starting service [Tomcat]
2025-07-27 19:15:02.303 [restartedMain] INFO  o.a.catalina.core.StandardEngine - Starting Servlet engine: [Apache Tomcat/10.1.42]
2025-07-27 19:15:02.318 [restartedMain] INFO  o.a.c.c.C.[Tomcat].[localhost].[/] - Initializing Spring embedded WebApplicationContext
2025-07-27 19:15:02.318 [restartedMain] INFO  o.s.b.w.s.c.ServletWebServerApplicationContext - Root WebApplicationContext: initialization completed in 609 ms
2025-07-27 19:15:02.370 [restartedMain] INFO  com.zaxxer.hikari.HikariDataSource - HikariPool-1 - Starting...
2025-07-27 19:15:02.456 [restartedMain] INFO  com.zaxxer.hikari.pool.HikariPool - HikariPool-1 - Added connection org.postgresql.jdbc.PgConnection@508f1572
2025-07-27 19:15:02.457 [restartedMain] INFO  com.zaxxer.hikari.HikariDataSource - HikariPool-1 - Start completed.
2025-07-27 19:15:02.510 [restartedMain] INFO  org.hibernate.Version - HHH000412: Hibernate ORM core version 6.6.18.Final
2025-07-27 19:15:02.523 [restartedMain] INFO  o.h.c.i.RegionFactoryInitiator - HHH000026: Second-level cache disabled
2025-07-27 19:15:02.638 [restartedMain] INFO  o.s.o.j.p.SpringPersistenceUnitInfo - No LoadTimeWeaver setup: ignoring JPA class transformer
2025-07-27 19:15:02.683 [restartedMain] INFO  o.hibernate.orm.connections.pooling - HHH10001005: Database info:
	Database JDBC URL [Connecting through datasource 'HikariDataSource (HikariPool-1)']
	Database driver: undefined/unknown
	Database version: 17.5
	Autocommit mode: undefined/unknown
	Isolation level: undefined/unknown
	Minimum pool size: undefined/unknown
	Maximum pool size: undefined/unknown
2025-07-27 19:15:02.985 [restartedMain] INFO  o.h.e.t.j.p.i.JtaPlatformInitiator - HHH000489: No JTA platform available (set 'hibernate.transaction.jta.platform' to enable JTA platform integration)
2025-07-27 19:15:03.034 [restartedMain] INFO  o.s.o.j.LocalContainerEntityManagerFactoryBean - Initialized JPA EntityManagerFactory for persistence unit 'default'
2025-07-27 19:15:03.362 [restartedMain] INFO  o.s.b.d.a.OptionalLiveReloadServer - LiveReload server is running on port 35729
2025-07-27 19:15:03.367 [restartedMain] INFO  o.a.coyote.http11.Http11NioProtocol - Starting ProtocolHandler ["http-nio-8081"]
2025-07-27 19:15:03.374 [restartedMain] INFO  o.s.b.w.e.tomcat.TomcatWebServer - Tomcat started on port 8081 (http) with context path '/'
2025-07-27 19:15:03.382 [restartedMain] INFO  c.m.ps_empresa.PsEmpresaApplication - Started PsEmpresaApplication in 1.923 seconds (process running for 2.13)
2025-07-27 19:15:10.606 [http-nio-8081-exec-1] INFO  o.a.c.c.C.[Tomcat].[localhost].[/] - Initializing Spring DispatcherServlet 'dispatcherServlet'
2025-07-27 19:15:10.607 [http-nio-8081-exec-1] INFO  o.s.web.servlet.DispatcherServlet - Initializing Servlet 'dispatcherServlet'
2025-07-27 19:15:10.608 [http-nio-8081-exec-1] INFO  o.s.web.servlet.DispatcherServlet - Completed initialization in 1 ms
2025-07-27 19:15:10.890 [http-nio-8081-exec-4] INFO  o.s.api.AbstractOpenApiResource - Init duration for springdoc-openapi is: 127 ms
2025-07-27 19:17:45.907 [SpringApplicationShutdownHook] INFO  o.s.b.w.e.tomcat.GracefulShutdown - Commencing graceful shutdown. Waiting for active requests to complete
2025-07-27 19:17:45.912 [tomcat-shutdown] INFO  o.s.b.w.e.tomcat.GracefulShutdown - Graceful shutdown complete
2025-07-27 19:17:45.914 [SpringApplicationShutdownHook] INFO  o.s.o.j.LocalContainerEntityManagerFactoryBean - Closing JPA EntityManagerFactory for persistence unit 'default'
2025-07-27 19:17:45.915 [SpringApplicationShutdownHook] INFO  com.zaxxer.hikari.HikariDataSource - HikariPool-1 - Shutdown initiated...
2025-07-27 19:17:45.917 [SpringApplicationShutdownHook] INFO  com.zaxxer.hikari.HikariDataSource - HikariPool-1 - Shutdown completed.
2025-07-27 19:17:47.541 [background-preinit] INFO  o.h.validator.internal.util.Version - HV000001: Hibernate Validator 8.0.2.Final
2025-07-27 19:17:47.556 [restartedMain] INFO  c.m.ps_empresa.PsEmpresaApplication - Starting PsEmpresaApplication using Java 24.0.2 with PID 22147 (/Users/luishenrique/Documents/particular/MyPetAdmin/Backend/MS/ps_empresa/target/classes started by luishenrique in /Users/luishenrique/Documents/particular/MyPetAdmin/Backend/MS/ps_empresa)
2025-07-27 19:17:47.556 [restartedMain] INFO  c.m.ps_empresa.PsEmpresaApplication - No active profile set, falling back to 1 default profile: "default"
2025-07-27 19:17:47.572 [restartedMain] INFO  o.s.b.d.e.DevToolsPropertyDefaultsPostProcessor - Devtools property defaults active! Set 'spring.devtools.add-properties' to 'false' to disable
2025-07-27 19:17:47.572 [restartedMain] INFO  o.s.b.d.e.DevToolsPropertyDefaultsPostProcessor - For additional web related logging consider setting the 'logging.level.web' property to 'DEBUG'
2025-07-27 19:17:47.878 [restartedMain] INFO  o.s.d.r.c.RepositoryConfigurationDelegate - Bootstrapping Spring Data JPA repositories in DEFAULT mode.
2025-07-27 19:17:47.906 [restartedMain] INFO  o.s.d.r.c.RepositoryConfigurationDelegate - Finished Spring Data repository scanning in 21 ms. Found 1 JPA repository interface.
2025-07-27 19:17:48.135 [restartedMain] INFO  o.s.b.w.e.tomcat.TomcatWebServer - Tomcat initialized with port 8081 (http)
2025-07-27 19:17:48.142 [restartedMain] INFO  o.a.coyote.http11.Http11NioProtocol - Initializing ProtocolHandler ["http-nio-8081"]
2025-07-27 19:17:48.143 [restartedMain] INFO  o.a.catalina.core.StandardService - Starting service [Tomcat]
2025-07-27 19:17:48.143 [restartedMain] INFO  o.a.catalina.core.StandardEngine - Starting Servlet engine: [Apache Tomcat/10.1.42]
2025-07-27 19:17:48.161 [restartedMain] INFO  o.a.c.c.C.[Tomcat].[localhost].[/] - Initializing Spring embedded WebApplicationContext
2025-07-27 19:17:48.161 [restartedMain] INFO  o.s.b.w.s.c.ServletWebServerApplicationContext - Root WebApplicationContext: initialization completed in 589 ms
2025-07-27 19:17:48.215 [restartedMain] INFO  com.zaxxer.hikari.HikariDataSource - HikariPool-1 - Starting...
2025-07-27 19:17:48.276 [restartedMain] INFO  com.zaxxer.hikari.pool.HikariPool - HikariPool-1 - Added connection org.postgresql.jdbc.PgConnection@7d9efb0c
2025-07-27 19:17:48.277 [restartedMain] INFO  com.zaxxer.hikari.HikariDataSource - HikariPool-1 - Start completed.
2025-07-27 19:17:48.325 [restartedMain] INFO  org.hibernate.Version - HHH000412: Hibernate ORM core version 6.6.18.Final
2025-07-27 19:17:48.336 [restartedMain] INFO  o.h.c.i.RegionFactoryInitiator - HHH000026: Second-level cache disabled
2025-07-27 19:17:48.439 [restartedMain] INFO  o.s.o.j.p.SpringPersistenceUnitInfo - No LoadTimeWeaver setup: ignoring JPA class transformer
2025-07-27 19:17:48.470 [restartedMain] INFO  o.hibernate.orm.connections.pooling - HHH10001005: Database info:
	Database JDBC URL [Connecting through datasource 'HikariDataSource (HikariPool-1)']
	Database driver: undefined/unknown
	Database version: 17.5
	Autocommit mode: undefined/unknown
	Isolation level: undefined/unknown
	Minimum pool size: undefined/unknown
	Maximum pool size: undefined/unknown
2025-07-27 19:17:48.763 [restartedMain] INFO  o.h.e.t.j.p.i.JtaPlatformInitiator - HHH000489: No JTA platform available (set 'hibernate.transaction.jta.platform' to enable JTA platform integration)
2025-07-27 19:17:48.792 [restartedMain] INFO  o.s.o.j.LocalContainerEntityManagerFactoryBean - Initialized JPA EntityManagerFactory for persistence unit 'default'
2025-07-27 19:17:49.133 [restartedMain] INFO  o.s.b.d.a.OptionalLiveReloadServer - LiveReload server is running on port 35729
2025-07-27 19:17:49.139 [restartedMain] INFO  o.a.coyote.http11.Http11NioProtocol - Starting ProtocolHandler ["http-nio-8081"]
2025-07-27 19:17:49.145 [restartedMain] INFO  o.s.b.w.e.tomcat.TomcatWebServer - Tomcat started on port 8081 (http) with context path '/'
2025-07-27 19:17:49.153 [restartedMain] INFO  c.m.ps_empresa.PsEmpresaApplication - Started PsEmpresaApplication in 1.82 seconds (process running for 2.064)
2025-07-27 19:17:51.402 [http-nio-8081-exec-1] INFO  o.a.c.c.C.[Tomcat].[localhost].[/] - Initializing Spring DispatcherServlet 'dispatcherServlet'
2025-07-27 19:17:51.402 [http-nio-8081-exec-1] INFO  o.s.web.servlet.DispatcherServlet - Initializing Servlet 'dispatcherServlet'
2025-07-27 19:17:51.403 [http-nio-8081-exec-1] INFO  o.s.web.servlet.DispatcherServlet - Completed initialization in 1 ms
2025-07-27 19:17:51.599 [http-nio-8081-exec-4] INFO  o.s.api.AbstractOpenApiResource - Init duration for springdoc-openapi is: 113 ms
2025-07-27 19:22:42.187 [http-nio-8081-exec-8] INFO  c.m.p.controller.EmpresaController - Recebendo requisição para cadastrar empresa: CNPJ=12345678900012, Razão Social=Empresa Exemplo LTDA, Nome Fantasia=Exemplo Petshop Dogão, Telefone=41999999999, Email=lhlipinski@gmail.com, Endereco=Rua Exemplo, 123, Bloco 05, Bairro Exemplo, Cidade=Curitiba, Estado=PR, CEP=99999999
2025-07-27 19:23:36.173 [http-nio-8081-exec-9] INFO  c.m.p.controller.EmpresaController - Recebendo requisição para cadastrar empresa: CNPJ=19127171000104, Razão Social=Empresa Exemplo LTDA, Nome Fantasia=Exemplo Petshop Dogão, Telefone=41999999999, Email=lhlipinski@gmail.com, Endereco=Rua Exemplo, 123, Bloco 05, Bairro Exemplo, Cidade=Curitiba, Estado=PR, CEP=99999999
2025-07-27 19:23:36.212 [http-nio-8081-exec-9] INFO  c.m.p.s.impl.EmpresaServiceImpl - Empresa salva no banco com ID: da451d43-aee0-4148-bcdc-60e72845a27d
2025-07-27 19:23:36.213 [http-nio-8081-exec-9] INFO  c.m.p.controller.EmpresaController - Empresa cadastrada com sucesso: id=null, CNPJ=19127171000104, Status=null
2025-07-27 19:39:01.997 [http-nio-8081-exec-1] INFO  c.m.p.controller.EmpresaController - Recebendo requisição para cadastrar empresa: CNPJ=19127171000104, Razão Social=Empresa Exemplo LTDA, Nome Fantasia=Exemplo Petshop Dogão, Telefone=41999999999, Email=lhlipinski@gmail.com, Endereco=Rua Exemplo, 123, Bloco 05, Bairro Exemplo, Cidade=Curitiba, Estado=PR, CEP=99999999
2025-07-27 19:39:39.051 [http-nio-8081-exec-2] INFO  c.m.p.controller.EmpresaController - Recebendo requisição para cadastrar empresa: CNPJ=97963329000190, Razão Social=Empresa Exemplo LTDA, Nome Fantasia=Exemplo Petshop Dogão, Telefone=41999999999, Email=lhlipinski@gmail.com, Endereco=Rua Exemplo, 123, Bloco 05, Bairro Exemplo, Cidade=Curitiba, Estado=PR, CEP=99999999
2025-07-27 19:39:39.057 [http-nio-8081-exec-2] INFO  c.m.p.s.impl.EmpresaServiceImpl - Empresa salva no banco com ID: 755a3eff-edd6-42d2-9ba1-eab50e514ba8
2025-07-27 19:39:39.057 [http-nio-8081-exec-2] INFO  c.m.p.controller.EmpresaController - Empresa cadastrada com sucesso: id=null, CNPJ=97963329000190, Status=null
2025-07-27 19:44:26.137 [http-nio-8081-exec-4] INFO  c.m.p.controller.EmpresaController - Recebendo requisição para cadastrar empresa: CNPJ=90903307000195, Razão Social=Empresa Exemplo LTDA, Nome Fantasia=Exemplo Petshop Dogão, Telefone=41999999999, Email=lhlipinski@gmail.com, Endereco=Rua Exemplo, 123, Bloco 05, Bairro Exemplo, Cidade=Curitiba, Estado=PR, CEP=99999999
2025-07-27 19:44:26.144 [http-nio-8081-exec-4] INFO  c.m.p.s.impl.EmpresaServiceImpl - Empresa salva no banco com ID: 8ad9f960-85e6-4c8c-b1e6-1e9c5e537019
2025-07-27 19:44:26.144 [http-nio-8081-exec-4] INFO  c.m.p.controller.EmpresaController - Empresa cadastrada com sucesso: id=null, CNPJ=90903307000195, Status=null
2025-07-27 19:44:32.584 [SpringApplicationShutdownHook] INFO  o.s.b.w.e.tomcat.GracefulShutdown - Commencing graceful shutdown. Waiting for active requests to complete
2025-07-27 19:44:32.588 [tomcat-shutdown] INFO  o.s.b.w.e.tomcat.GracefulShutdown - Graceful shutdown complete
2025-07-27 19:44:32.590 [SpringApplicationShutdownHook] INFO  o.s.o.j.LocalContainerEntityManagerFactoryBean - Closing JPA EntityManagerFactory for persistence unit 'default'
2025-07-27 19:44:32.592 [SpringApplicationShutdownHook] INFO  com.zaxxer.hikari.HikariDataSource - HikariPool-1 - Shutdown initiated...
2025-07-27 19:44:32.593 [SpringApplicationShutdownHook] INFO  com.zaxxer.hikari.HikariDataSource - HikariPool-1 - Shutdown completed.
2025-07-27 19:44:34.169 [background-preinit] INFO  o.h.validator.internal.util.Version - HV000001: Hibernate Validator 8.0.2.Final
2025-07-27 19:44:34.184 [restartedMain] INFO  c.m.ps_empresa.PsEmpresaApplication - Starting PsEmpresaApplication using Java 24.0.2 with PID 25717 (/Users/luishenrique/Documents/particular/MyPetAdmin/Backend/MS/ps_empresa/target/classes started by luishenrique in /Users/luishenrique/Documents/particular/MyPetAdmin/Backend/MS/ps_empresa)
2025-07-27 19:44:34.184 [restartedMain] INFO  c.m.ps_empresa.PsEmpresaApplication - No active profile set, falling back to 1 default profile: "default"
2025-07-27 19:44:34.200 [restartedMain] INFO  o.s.b.d.e.DevToolsPropertyDefaultsPostProcessor - Devtools property defaults active! Set 'spring.devtools.add-properties' to 'false' to disable
2025-07-27 19:44:34.200 [restartedMain] INFO  o.s.b.d.e.DevToolsPropertyDefaultsPostProcessor - For additional web related logging consider setting the 'logging.level.web' property to 'DEBUG'
2025-07-27 19:44:34.519 [restartedMain] INFO  o.s.d.r.c.RepositoryConfigurationDelegate - Bootstrapping Spring Data JPA repositories in DEFAULT mode.
2025-07-27 19:44:34.543 [restartedMain] INFO  o.s.d.r.c.RepositoryConfigurationDelegate - Finished Spring Data repository scanning in 17 ms. Found 1 JPA repository interface.
2025-07-27 19:44:34.778 [restartedMain] INFO  o.s.b.w.e.tomcat.TomcatWebServer - Tomcat initialized with port 8081 (http)
2025-07-27 19:44:34.784 [restartedMain] INFO  o.a.coyote.http11.Http11NioProtocol - Initializing ProtocolHandler ["http-nio-8081"]
2025-07-27 19:44:34.784 [restartedMain] INFO  o.a.catalina.core.StandardService - Starting service [Tomcat]
2025-07-27 19:44:34.784 [restartedMain] INFO  o.a.catalina.core.StandardEngine - Starting Servlet engine: [Apache Tomcat/10.1.42]
2025-07-27 19:44:34.800 [restartedMain] INFO  o.a.c.c.C.[Tomcat].[localhost].[/] - Initializing Spring embedded WebApplicationContext
2025-07-27 19:44:34.800 [restartedMain] INFO  o.s.b.w.s.c.ServletWebServerApplicationContext - Root WebApplicationContext: initialization completed in 600 ms
2025-07-27 19:44:34.859 [restartedMain] INFO  com.zaxxer.hikari.HikariDataSource - HikariPool-1 - Starting...
2025-07-27 19:44:34.929 [restartedMain] INFO  com.zaxxer.hikari.pool.HikariPool - HikariPool-1 - Added connection org.postgresql.jdbc.PgConnection@18f8f9d7
2025-07-27 19:44:34.930 [restartedMain] INFO  com.zaxxer.hikari.HikariDataSource - HikariPool-1 - Start completed.
2025-07-27 19:44:34.979 [restartedMain] INFO  org.hibernate.Version - HHH000412: Hibernate ORM core version 6.6.18.Final
2025-07-27 19:44:34.991 [restartedMain] INFO  o.h.c.i.RegionFactoryInitiator - HHH000026: Second-level cache disabled
2025-07-27 19:44:35.111 [restartedMain] INFO  o.s.o.j.p.SpringPersistenceUnitInfo - No LoadTimeWeaver setup: ignoring JPA class transformer
2025-07-27 19:44:35.139 [restartedMain] INFO  o.hibernate.orm.connections.pooling - HHH10001005: Database info:
	Database JDBC URL [Connecting through datasource 'HikariDataSource (HikariPool-1)']
	Database driver: undefined/unknown
	Database version: 17.5
	Autocommit mode: undefined/unknown
	Isolation level: undefined/unknown
	Minimum pool size: undefined/unknown
	Maximum pool size: undefined/unknown
2025-07-27 19:44:35.419 [restartedMain] INFO  o.h.e.t.j.p.i.JtaPlatformInitiator - HHH000489: No JTA platform available (set 'hibernate.transaction.jta.platform' to enable JTA platform integration)
2025-07-27 19:44:35.447 [restartedMain] INFO  o.s.o.j.LocalContainerEntityManagerFactoryBean - Initialized JPA EntityManagerFactory for persistence unit 'default'
2025-07-27 19:44:35.811 [restartedMain] INFO  o.s.b.d.a.OptionalLiveReloadServer - LiveReload server is running on port 35729
2025-07-27 19:44:35.817 [restartedMain] INFO  o.a.coyote.http11.Http11NioProtocol - Starting ProtocolHandler ["http-nio-8081"]
2025-07-27 19:44:35.824 [restartedMain] INFO  o.s.b.w.e.tomcat.TomcatWebServer - Tomcat started on port 8081 (http) with context path '/'
2025-07-27 19:44:35.834 [restartedMain] INFO  c.m.ps_empresa.PsEmpresaApplication - Started PsEmpresaApplication in 1.881 seconds (process running for 2.073)
2025-07-27 19:45:12.879 [SpringApplicationShutdownHook] INFO  o.s.b.w.e.tomcat.GracefulShutdown - Commencing graceful shutdown. Waiting for active requests to complete
2025-07-27 19:45:12.884 [tomcat-shutdown] INFO  o.s.b.w.e.tomcat.GracefulShutdown - Graceful shutdown complete
2025-07-27 19:45:12.887 [SpringApplicationShutdownHook] INFO  o.s.o.j.LocalContainerEntityManagerFactoryBean - Closing JPA EntityManagerFactory for persistence unit 'default'
2025-07-27 19:45:12.888 [SpringApplicationShutdownHook] INFO  com.zaxxer.hikari.HikariDataSource - HikariPool-1 - Shutdown initiated...
2025-07-27 19:45:12.890 [SpringApplicationShutdownHook] INFO  com.zaxxer.hikari.HikariDataSource - HikariPool-1 - Shutdown completed.
2025-07-27 19:45:13.773 [background-preinit] INFO  o.h.validator.internal.util.Version - HV000001: Hibernate Validator 8.0.2.Final
2025-07-27 19:45:13.788 [restartedMain] INFO  c.m.ps_empresa.PsEmpresaApplication - Starting PsEmpresaApplication using Java 24.0.2 with PID 25826 (/Users/luishenrique/Documents/particular/MyPetAdmin/Backend/MS/ps_empresa/target/classes started by luishenrique in /Users/luishenrique/Documents/particular/MyPetAdmin/Backend/MS/ps_empresa)
2025-07-27 19:45:13.789 [restartedMain] INFO  c.m.ps_empresa.PsEmpresaApplication - No active profile set, falling back to 1 default profile: "default"
2025-07-27 19:45:13.804 [restartedMain] INFO  o.s.b.d.e.DevToolsPropertyDefaultsPostProcessor - Devtools property defaults active! Set 'spring.devtools.add-properties' to 'false' to disable
2025-07-27 19:45:13.805 [restartedMain] INFO  o.s.b.d.e.DevToolsPropertyDefaultsPostProcessor - For additional web related logging consider setting the 'logging.level.web' property to 'DEBUG'
2025-07-27 19:45:14.182 [restartedMain] INFO  o.s.d.r.c.RepositoryConfigurationDelegate - Bootstrapping Spring Data JPA repositories in DEFAULT mode.
2025-07-27 19:45:14.209 [restartedMain] INFO  o.s.d.r.c.RepositoryConfigurationDelegate - Finished Spring Data repository scanning in 21 ms. Found 1 JPA repository interface.
2025-07-27 19:45:14.430 [restartedMain] INFO  o.s.b.w.e.tomcat.TomcatWebServer - Tomcat initialized with port 8081 (http)
2025-07-27 19:45:14.436 [restartedMain] INFO  o.a.coyote.http11.Http11NioProtocol - Initializing ProtocolHandler ["http-nio-8081"]
2025-07-27 19:45:14.436 [restartedMain] INFO  o.a.catalina.core.StandardService - Starting service [Tomcat]
2025-07-27 19:45:14.436 [restartedMain] INFO  o.a.catalina.core.StandardEngine - Starting Servlet engine: [Apache Tomcat/10.1.42]
2025-07-27 19:45:14.451 [restartedMain] INFO  o.a.c.c.C.[Tomcat].[localhost].[/] - Initializing Spring embedded WebApplicationContext
2025-07-27 19:45:14.451 [restartedMain] INFO  o.s.b.w.s.c.ServletWebServerApplicationContext - Root WebApplicationContext: initialization completed in 646 ms
2025-07-27 19:45:14.501 [restartedMain] INFO  com.zaxxer.hikari.HikariDataSource - HikariPool-1 - Starting...
2025-07-27 19:45:14.571 [restartedMain] INFO  com.zaxxer.hikari.pool.HikariPool - HikariPool-1 - Added connection org.postgresql.jdbc.PgConnection@4f3b5737
2025-07-27 19:45:14.572 [restartedMain] INFO  com.zaxxer.hikari.HikariDataSource - HikariPool-1 - Start completed.
2025-07-27 19:45:14.618 [restartedMain] INFO  org.hibernate.Version - HHH000412: Hibernate ORM core version 6.6.18.Final
2025-07-27 19:45:14.628 [restartedMain] INFO  o.h.c.i.RegionFactoryInitiator - HHH000026: Second-level cache disabled
2025-07-27 19:45:14.723 [restartedMain] INFO  o.s.o.j.p.SpringPersistenceUnitInfo - No LoadTimeWeaver setup: ignoring JPA class transformer
2025-07-27 19:45:14.748 [restartedMain] INFO  o.hibernate.orm.connections.pooling - HHH10001005: Database info:
	Database JDBC URL [Connecting through datasource 'HikariDataSource (HikariPool-1)']
	Database driver: undefined/unknown
	Database version: 17.5
	Autocommit mode: undefined/unknown
	Isolation level: undefined/unknown
	Minimum pool size: undefined/unknown
	Maximum pool size: undefined/unknown
2025-07-27 19:45:15.044 [restartedMain] INFO  o.h.e.t.j.p.i.JtaPlatformInitiator - HHH000489: No JTA platform available (set 'hibernate.transaction.jta.platform' to enable JTA platform integration)
2025-07-27 19:45:15.068 [restartedMain] INFO  o.s.o.j.LocalContainerEntityManagerFactoryBean - Initialized JPA EntityManagerFactory for persistence unit 'default'
2025-07-27 19:45:15.443 [restartedMain] INFO  o.s.b.d.a.OptionalLiveReloadServer - LiveReload server is running on port 35729
2025-07-27 19:45:15.450 [restartedMain] INFO  o.a.coyote.http11.Http11NioProtocol - Starting ProtocolHandler ["http-nio-8081"]
2025-07-27 19:45:15.457 [restartedMain] INFO  o.s.b.w.e.tomcat.TomcatWebServer - Tomcat started on port 8081 (http) with context path '/'
2025-07-27 19:45:15.466 [restartedMain] INFO  c.m.ps_empresa.PsEmpresaApplication - Started PsEmpresaApplication in 1.905 seconds (process running for 2.082)
2025-07-27 19:45:28.630 [http-nio-8081-exec-1] INFO  o.a.c.c.C.[Tomcat].[localhost].[/] - Initializing Spring DispatcherServlet 'dispatcherServlet'
2025-07-27 19:45:28.630 [http-nio-8081-exec-1] INFO  o.s.web.servlet.DispatcherServlet - Initializing Servlet 'dispatcherServlet'
2025-07-27 19:45:28.631 [http-nio-8081-exec-1] INFO  o.s.web.servlet.DispatcherServlet - Completed initialization in 1 ms
2025-07-27 19:45:28.699 [http-nio-8081-exec-1] INFO  c.m.p.controller.EmpresaController - Recebendo requisição para cadastrar empresa: CNPJ=98889314000191, Razão Social=Empresa Exemplo LTDA, Nome Fantasia=Exemplo Petshop Dogão, Telefone=41999999999, Email=lhlipinski@gmail.com, Endereco=Rua Exemplo, 123, Bloco 05, Bairro Exemplo, Cidade=Curitiba, Estado=PR, CEP=99999999
2025-07-27 19:45:28.755 [http-nio-8081-exec-1] INFO  c.m.p.s.impl.EmpresaServiceImpl - Empresa salva no banco com ID: 3d871e39-eec6-4c45-84f4-60f75ed52dd1
2025-07-27 19:45:28.755 [http-nio-8081-exec-1] INFO  c.m.p.controller.EmpresaController - Empresa cadastrada com sucesso: id=3d871e39-eec6-4c45-84f4-60f75ed52dd1, CNPJ=98889314000191, Status=ATIVO
2025-07-27 19:48:14.193 [http-nio-8081-exec-3] INFO  c.m.p.controller.EmpresaController - Recebendo requisição para cadastrar empresa: CNPJ=78225746000190, Razão Social=Empresa Exemplo LTDA, Nome Fantasia=Exemplo Petshop Dogão, Telefone=41999999999, Email=lhlipinski@gmail.com, Endereco=Rua Exemplo, 123, Bloco 05, Bairro Exemplo, Cidade=Curitiba, Estado=PR, CEP=99999999
2025-07-27 19:48:14.200 [http-nio-8081-exec-3] INFO  c.m.p.s.impl.EmpresaServiceImpl - Empresa salva no banco com ID: 41cfffb1-9ba7-4c38-baea-3e57e6dde434
2025-07-27 19:48:14.200 [http-nio-8081-exec-3] INFO  c.m.p.controller.EmpresaController - Empresa cadastrada com sucesso: id=41cfffb1-9ba7-4c38-baea-3e57e6dde434, CNPJ=78225746000190, Status=ATIVO
2025-07-27 19:49:23.019 [http-nio-8081-exec-5] INFO  c.m.p.controller.EmpresaController - Recebendo requisição para cadastrar empresa: CNPJ=29553912000172, Razão Social=Empresa Exemplo LTDA, Nome Fantasia=Exemplo Petshop Dogão, Telefone=41999999999, Email=lhlipinski@gmail.com, Endereco=Rua Exemplo, 123, Bloco 05, Bairro Exemplo, Cidade=Curitiba, Estado=PR, CEP=99999999
2025-07-27 19:49:23.025 [http-nio-8081-exec-5] INFO  c.m.p.s.impl.EmpresaServiceImpl - Empresa salva no banco com ID: 5dac4e8e-ac68-4618-ae18-69cce768585b
2025-07-27 19:49:23.025 [http-nio-8081-exec-5] INFO  c.m.p.controller.EmpresaController - Empresa cadastrada com sucesso: id=5dac4e8e-ac68-4618-ae18-69cce768585b, CNPJ=29553912000172, Status=ATIVO
2025-07-27 19:49:32.833 [SpringApplicationShutdownHook] INFO  o.s.b.w.e.tomcat.GracefulShutdown - Commencing graceful shutdown. Waiting for active requests to complete
2025-07-27 19:49:32.838 [tomcat-shutdown] INFO  o.s.b.w.e.tomcat.GracefulShutdown - Graceful shutdown complete
2025-07-27 19:49:32.840 [SpringApplicationShutdownHook] INFO  o.s.o.j.LocalContainerEntityManagerFactoryBean - Closing JPA EntityManagerFactory for persistence unit 'default'
2025-07-27 19:49:32.842 [SpringApplicationShutdownHook] INFO  com.zaxxer.hikari.HikariDataSource - HikariPool-1 - Shutdown initiated...
2025-07-27 19:49:32.843 [SpringApplicationShutdownHook] INFO  com.zaxxer.hikari.HikariDataSource - HikariPool-1 - Shutdown completed.
2025-07-27 19:49:34.418 [background-preinit] INFO  o.h.validator.internal.util.Version - HV000001: Hibernate Validator 8.0.2.Final
2025-07-27 19:49:34.430 [restartedMain] INFO  c.m.ps_empresa.PsEmpresaApplication - Starting PsEmpresaApplication using Java 24.0.2 with PID 26443 (/Users/luishenrique/Documents/particular/MyPetAdmin/Backend/MS/ps_empresa/target/classes started by luishenrique in /Users/luishenrique/Documents/particular/MyPetAdmin/Backend/MS/ps_empresa)
2025-07-27 19:49:34.430 [restartedMain] INFO  c.m.ps_empresa.PsEmpresaApplication - No active profile set, falling back to 1 default profile: "default"
2025-07-27 19:49:34.446 [restartedMain] INFO  o.s.b.d.e.DevToolsPropertyDefaultsPostProcessor - Devtools property defaults active! Set 'spring.devtools.add-properties' to 'false' to disable
2025-07-27 19:49:34.446 [restartedMain] INFO  o.s.b.d.e.DevToolsPropertyDefaultsPostProcessor - For additional web related logging consider setting the 'logging.level.web' property to 'DEBUG'
2025-07-27 19:49:34.748 [restartedMain] INFO  o.s.d.r.c.RepositoryConfigurationDelegate - Bootstrapping Spring Data JPA repositories in DEFAULT mode.
2025-07-27 19:49:34.774 [restartedMain] INFO  o.s.d.r.c.RepositoryConfigurationDelegate - Finished Spring Data repository scanning in 20 ms. Found 1 JPA repository interface.
2025-07-27 19:49:34.963 [restartedMain] INFO  o.s.b.w.e.tomcat.TomcatWebServer - Tomcat initialized with port 8081 (http)
2025-07-27 19:49:34.969 [restartedMain] INFO  o.a.coyote.http11.Http11NioProtocol - Initializing ProtocolHandler ["http-nio-8081"]
2025-07-27 19:49:34.970 [restartedMain] INFO  o.a.catalina.core.StandardService - Starting service [Tomcat]
2025-07-27 19:49:34.970 [restartedMain] INFO  o.a.catalina.core.StandardEngine - Starting Servlet engine: [Apache Tomcat/10.1.42]
2025-07-27 19:49:34.987 [restartedMain] INFO  o.a.c.c.C.[Tomcat].[localhost].[/] - Initializing Spring embedded WebApplicationContext
2025-07-27 19:49:34.988 [restartedMain] INFO  o.s.b.w.s.c.ServletWebServerApplicationContext - Root WebApplicationContext: initialization completed in 542 ms
2025-07-27 19:49:35.043 [restartedMain] INFO  com.zaxxer.hikari.HikariDataSource - HikariPool-1 - Starting...
2025-07-27 19:49:35.109 [restartedMain] INFO  com.zaxxer.hikari.pool.HikariPool - HikariPool-1 - Added connection org.postgresql.jdbc.PgConnection@18f8f9d7
2025-07-27 19:49:35.110 [restartedMain] INFO  com.zaxxer.hikari.HikariDataSource - HikariPool-1 - Start completed.
2025-07-27 19:49:35.151 [restartedMain] INFO  org.hibernate.Version - HHH000412: Hibernate ORM core version 6.6.18.Final
2025-07-27 19:49:35.161 [restartedMain] INFO  o.h.c.i.RegionFactoryInitiator - HHH000026: Second-level cache disabled
2025-07-27 19:49:35.262 [restartedMain] INFO  o.s.o.j.p.SpringPersistenceUnitInfo - No LoadTimeWeaver setup: ignoring JPA class transformer
2025-07-27 19:49:35.288 [restartedMain] INFO  o.hibernate.orm.connections.pooling - HHH10001005: Database info:
	Database JDBC URL [Connecting through datasource 'HikariDataSource (HikariPool-1)']
	Database driver: undefined/unknown
	Database version: 17.5
	Autocommit mode: undefined/unknown
	Isolation level: undefined/unknown
	Minimum pool size: undefined/unknown
	Maximum pool size: undefined/unknown
2025-07-27 19:49:35.552 [restartedMain] INFO  o.h.e.t.j.p.i.JtaPlatformInitiator - HHH000489: No JTA platform available (set 'hibernate.transaction.jta.platform' to enable JTA platform integration)
2025-07-27 19:49:35.577 [restartedMain] INFO  o.s.o.j.LocalContainerEntityManagerFactoryBean - Initialized JPA EntityManagerFactory for persistence unit 'default'
2025-07-27 19:49:35.910 [restartedMain] INFO  o.s.b.d.a.OptionalLiveReloadServer - LiveReload server is running on port 35729
2025-07-27 19:49:35.920 [restartedMain] INFO  o.a.coyote.http11.Http11NioProtocol - Starting ProtocolHandler ["http-nio-8081"]
2025-07-27 19:49:35.927 [restartedMain] INFO  o.s.b.w.e.tomcat.TomcatWebServer - Tomcat started on port 8081 (http) with context path '/'
2025-07-27 19:49:35.936 [restartedMain] INFO  c.m.ps_empresa.PsEmpresaApplication - Started PsEmpresaApplication in 1.759 seconds (process running for 1.944)
2025-07-27 19:49:44.369 [http-nio-8081-exec-1] INFO  o.a.c.c.C.[Tomcat].[localhost].[/] - Initializing Spring DispatcherServlet 'dispatcherServlet'
2025-07-27 19:49:44.370 [http-nio-8081-exec-1] INFO  o.s.web.servlet.DispatcherServlet - Initializing Servlet 'dispatcherServlet'
2025-07-27 19:49:44.371 [http-nio-8081-exec-1] INFO  o.s.web.servlet.DispatcherServlet - Completed initialization in 1 ms
2025-07-27 19:49:44.437 [http-nio-8081-exec-1] INFO  c.m.p.controller.EmpresaController - Recebendo requisição para cadastrar empresa: CNPJ=43476169000125, Razão Social=Empresa Exemplo LTDA, Nome Fantasia=Exemplo Petshop Dogão, Telefone=41999999999, Email=lhlipinski@gmail.com, Endereco=Rua Exemplo, 123, Bloco 05, Bairro Exemplo, Cidade=Curitiba, Estado=PR, CEP=99999999
2025-07-27 19:49:44.493 [http-nio-8081-exec-1] INFO  c.m.p.s.impl.EmpresaServiceImpl - Empresa salva no banco com ID: 3def09a2-2f41-42a7-bb7b-da9c0e515e67
2025-07-27 19:49:44.494 [http-nio-8081-exec-1] INFO  c.m.p.controller.EmpresaController - Empresa cadastrada com sucesso: id=3def09a2-2f41-42a7-bb7b-da9c0e515e67, CNPJ=43476169000125, Status=AGUARDANDO_PAGAMENTO
2025-07-27 19:52:00.300 [SpringApplicationShutdownHook] INFO  o.s.b.w.e.tomcat.GracefulShutdown - Commencing graceful shutdown. Waiting for active requests to complete
2025-07-27 19:52:00.305 [tomcat-shutdown] INFO  o.s.b.w.e.tomcat.GracefulShutdown - Graceful shutdown complete
2025-07-27 19:52:00.307 [SpringApplicationShutdownHook] INFO  o.s.o.j.LocalContainerEntityManagerFactoryBean - Closing JPA EntityManagerFactory for persistence unit 'default'
2025-07-27 19:52:00.309 [SpringApplicationShutdownHook] INFO  com.zaxxer.hikari.HikariDataSource - HikariPool-1 - Shutdown initiated...
2025-07-27 19:52:00.310 [SpringApplicationShutdownHook] INFO  com.zaxxer.hikari.HikariDataSource - HikariPool-1 - Shutdown completed.
2025-07-27 19:52:01.203 [background-preinit] INFO  o.h.validator.internal.util.Version - HV000001: Hibernate Validator 8.0.2.Final
2025-07-27 19:52:01.219 [restartedMain] INFO  c.m.ps_empresa.PsEmpresaApplication - Starting PsEmpresaApplication using Java 24.0.2 with PID 26794 (/Users/luishenrique/Documents/particular/MyPetAdmin/Backend/MS/ps_empresa/target/classes started by luishenrique in /Users/luishenrique/Documents/particular/MyPetAdmin/Backend/MS/ps_empresa)
2025-07-27 19:52:01.219 [restartedMain] INFO  c.m.ps_empresa.PsEmpresaApplication - No active profile set, falling back to 1 default profile: "default"
2025-07-27 19:52:01.240 [restartedMain] INFO  o.s.b.d.e.DevToolsPropertyDefaultsPostProcessor - Devtools property defaults active! Set 'spring.devtools.add-properties' to 'false' to disable
2025-07-27 19:52:01.240 [restartedMain] INFO  o.s.b.d.e.DevToolsPropertyDefaultsPostProcessor - For additional web related logging consider setting the 'logging.level.web' property to 'DEBUG'
2025-07-27 19:52:01.617 [restartedMain] INFO  o.s.d.r.c.RepositoryConfigurationDelegate - Bootstrapping Spring Data JPA repositories in DEFAULT mode.
2025-07-27 19:52:01.644 [restartedMain] INFO  o.s.d.r.c.RepositoryConfigurationDelegate - Finished Spring Data repository scanning in 21 ms. Found 1 JPA repository interface.
2025-07-27 19:52:01.863 [restartedMain] INFO  o.s.b.w.e.tomcat.TomcatWebServer - Tomcat initialized with port 8081 (http)
2025-07-27 19:52:01.868 [restartedMain] INFO  o.a.coyote.http11.Http11NioProtocol - Initializing ProtocolHandler ["http-nio-8081"]
2025-07-27 19:52:01.868 [restartedMain] INFO  o.a.catalina.core.StandardService - Starting service [Tomcat]
2025-07-27 19:52:01.868 [restartedMain] INFO  o.a.catalina.core.StandardEngine - Starting Servlet engine: [Apache Tomcat/10.1.42]
2025-07-27 19:52:01.883 [restartedMain] INFO  o.a.c.c.C.[Tomcat].[localhost].[/] - Initializing Spring embedded WebApplicationContext
2025-07-27 19:52:01.883 [restartedMain] INFO  o.s.b.w.s.c.ServletWebServerApplicationContext - Root WebApplicationContext: initialization completed in 643 ms
2025-07-27 19:52:01.931 [restartedMain] INFO  com.zaxxer.hikari.HikariDataSource - HikariPool-1 - Starting...
2025-07-27 19:52:02.002 [restartedMain] INFO  com.zaxxer.hikari.pool.HikariPool - HikariPool-1 - Added connection org.postgresql.jdbc.PgConnection@32c94a4d
2025-07-27 19:52:02.003 [restartedMain] INFO  com.zaxxer.hikari.HikariDataSource - HikariPool-1 - Start completed.
2025-07-27 19:52:02.055 [restartedMain] INFO  org.hibernate.Version - HHH000412: Hibernate ORM core version 6.6.18.Final
2025-07-27 19:52:02.066 [restartedMain] INFO  o.h.c.i.RegionFactoryInitiator - HHH000026: Second-level cache disabled
2025-07-27 19:52:02.164 [restartedMain] INFO  o.s.o.j.p.SpringPersistenceUnitInfo - No LoadTimeWeaver setup: ignoring JPA class transformer
2025-07-27 19:52:02.192 [restartedMain] INFO  o.hibernate.orm.connections.pooling - HHH10001005: Database info:
	Database JDBC URL [Connecting through datasource 'HikariDataSource (HikariPool-1)']
	Database driver: undefined/unknown
	Database version: 17.5
	Autocommit mode: undefined/unknown
	Isolation level: undefined/unknown
	Minimum pool size: undefined/unknown
	Maximum pool size: undefined/unknown
2025-07-27 19:52:02.456 [restartedMain] INFO  o.h.e.t.j.p.i.JtaPlatformInitiator - HHH000489: No JTA platform available (set 'hibernate.transaction.jta.platform' to enable JTA platform integration)
2025-07-27 19:52:02.495 [restartedMain] INFO  o.s.o.j.LocalContainerEntityManagerFactoryBean - Initialized JPA EntityManagerFactory for persistence unit 'default'
2025-07-27 19:52:02.902 [restartedMain] INFO  o.s.b.d.a.OptionalLiveReloadServer - LiveReload server is running on port 35729
2025-07-27 19:52:02.909 [restartedMain] INFO  o.a.coyote.http11.Http11NioProtocol - Starting ProtocolHandler ["http-nio-8081"]
2025-07-27 19:52:02.916 [restartedMain] INFO  o.s.b.w.e.tomcat.TomcatWebServer - Tomcat started on port 8081 (http) with context path '/'
2025-07-27 19:52:02.926 [restartedMain] INFO  c.m.ps_empresa.PsEmpresaApplication - Started PsEmpresaApplication in 1.938 seconds (process running for 2.118)
2025-07-27 19:52:32.905 [http-nio-8081-exec-1] INFO  o.a.c.c.C.[Tomcat].[localhost].[/] - Initializing Spring DispatcherServlet 'dispatcherServlet'
2025-07-27 19:52:32.905 [http-nio-8081-exec-1] INFO  o.s.web.servlet.DispatcherServlet - Initializing Servlet 'dispatcherServlet'
2025-07-27 19:52:32.906 [http-nio-8081-exec-1] INFO  o.s.web.servlet.DispatcherServlet - Completed initialization in 1 ms
2025-07-27 19:52:32.970 [http-nio-8081-exec-1] INFO  c.m.p.controller.EmpresaController - Recebendo requisição para cadastrar empresa: CNPJ=43476169000125, Razão Social=Empresa Exemplo LTDA, Nome Fantasia=Exemplo Petshop Dogão, Telefone=41999999999, Email=lhlipinski@gmail.com, Endereco=Rua Exemplo, 123, Bloco 05, Bairro Exemplo, Cidade=Curitiba, Estado=PR, CEP=99999999
2025-07-27 19:52:33.025 [http-nio-8081-exec-1] INFO  c.m.p.s.impl.EmpresaServiceImpl - Empresa salva no banco com ID: 0049eb69-29cf-4963-9b12-a3b3c14cde2e
2025-07-27 19:52:33.026 [http-nio-8081-exec-1] INFO  c.m.p.controller.EmpresaController - Empresa cadastrada com sucesso: id=0049eb69-29cf-4963-9b12-a3b3c14cde2e, CNPJ=43476169000125, Status=AGUARDANDO_PAGAMENTO
2025-07-27 19:53:04.827 [http-nio-8081-exec-2] INFO  c.m.p.controller.EmpresaController - Recebendo requisição para cadastrar empresa: CNPJ=43476169000125, Razão Social=Empresa Exemplo LTDA, Nome Fantasia=Exemplo Petshop Dogão, Telefone=41999999999, Email=lhlipinski@gmail.com, Endereco=Rua Exemplo, 123, Bloco 05, Bairro Exemplo, Cidade=Curitiba, Estado=PR, CEP=99999999
2025-07-27 19:53:23.374 [http-nio-8081-exec-3] INFO  c.m.p.controller.EmpresaController - Recebendo requisição para cadastrar empresa: CNPJ=64811238000180, Razão Social=Empresa Exemplo LTDA, Nome Fantasia=Exemplo Petshop Dogão, Telefone=41999999999, Email=lhlipinski@gmail.com, Endereco=Rua Exemplo, 123, Bloco 05, Bairro Exemplo, Cidade=Curitiba, Estado=PR, CEP=99999999
2025-07-27 20:00:35.129 [SpringApplicationShutdownHook] INFO  o.s.b.w.e.tomcat.GracefulShutdown - Commencing graceful shutdown. Waiting for active requests to complete
2025-07-27 20:00:35.134 [tomcat-shutdown] INFO  o.s.b.w.e.tomcat.GracefulShutdown - Graceful shutdown complete
2025-07-27 20:00:35.136 [SpringApplicationShutdownHook] INFO  o.s.o.j.LocalContainerEntityManagerFactoryBean - Closing JPA EntityManagerFactory for persistence unit 'default'
2025-07-27 20:00:35.137 [SpringApplicationShutdownHook] INFO  com.zaxxer.hikari.HikariDataSource - HikariPool-1 - Shutdown initiated...
2025-07-27 20:00:35.138 [SpringApplicationShutdownHook] INFO  com.zaxxer.hikari.HikariDataSource - HikariPool-1 - Shutdown completed.
2025-07-27 20:00:36.891 [background-preinit] INFO  o.h.validator.internal.util.Version - HV000001: Hibernate Validator 8.0.2.Final
2025-07-27 20:00:36.906 [restartedMain] INFO  c.m.ps_empresa.PsEmpresaApplication - Starting PsEmpresaApplication using Java 24.0.2 with PID 28098 (/Users/luishenrique/Documents/particular/MyPetAdmin/Backend/MS/ps_empresa/target/classes started by luishenrique in /Users/luishenrique/Documents/particular/MyPetAdmin/Backend/MS/ps_empresa)
2025-07-27 20:00:36.907 [restartedMain] INFO  c.m.ps_empresa.PsEmpresaApplication - No active profile set, falling back to 1 default profile: "default"
2025-07-27 20:00:36.923 [restartedMain] INFO  o.s.b.d.e.DevToolsPropertyDefaultsPostProcessor - Devtools property defaults active! Set 'spring.devtools.add-properties' to 'false' to disable
2025-07-27 20:00:36.923 [restartedMain] INFO  o.s.b.d.e.DevToolsPropertyDefaultsPostProcessor - For additional web related logging consider setting the 'logging.level.web' property to 'DEBUG'
2025-07-27 20:00:37.232 [restartedMain] INFO  o.s.d.r.c.RepositoryConfigurationDelegate - Bootstrapping Spring Data JPA repositories in DEFAULT mode.
2025-07-27 20:00:37.260 [restartedMain] INFO  o.s.d.r.c.RepositoryConfigurationDelegate - Finished Spring Data repository scanning in 21 ms. Found 1 JPA repository interface.
2025-07-27 20:00:37.473 [restartedMain] INFO  o.s.b.w.e.tomcat.TomcatWebServer - Tomcat initialized with port 8081 (http)
2025-07-27 20:00:37.480 [restartedMain] INFO  o.a.coyote.http11.Http11NioProtocol - Initializing ProtocolHandler ["http-nio-8081"]
2025-07-27 20:00:37.482 [restartedMain] INFO  o.a.catalina.core.StandardService - Starting service [Tomcat]
2025-07-27 20:00:37.482 [restartedMain] INFO  o.a.catalina.core.StandardEngine - Starting Servlet engine: [Apache Tomcat/10.1.42]
2025-07-27 20:00:37.498 [restartedMain] INFO  o.a.c.c.C.[Tomcat].[localhost].[/] - Initializing Spring embedded WebApplicationContext
2025-07-27 20:00:37.498 [restartedMain] INFO  o.s.b.w.s.c.ServletWebServerApplicationContext - Root WebApplicationContext: initialization completed in 574 ms
2025-07-27 20:00:37.551 [restartedMain] INFO  com.zaxxer.hikari.HikariDataSource - HikariPool-1 - Starting...
2025-07-27 20:00:37.619 [restartedMain] INFO  com.zaxxer.hikari.pool.HikariPool - HikariPool-1 - Added connection org.postgresql.jdbc.PgConnection@43d7e13a
2025-07-27 20:00:37.619 [restartedMain] INFO  com.zaxxer.hikari.HikariDataSource - HikariPool-1 - Start completed.
2025-07-27 20:00:37.667 [restartedMain] INFO  org.hibernate.Version - HHH000412: Hibernate ORM core version 6.6.18.Final
2025-07-27 20:00:37.678 [restartedMain] INFO  o.h.c.i.RegionFactoryInitiator - HHH000026: Second-level cache disabled
2025-07-27 20:00:37.785 [restartedMain] INFO  o.s.o.j.p.SpringPersistenceUnitInfo - No LoadTimeWeaver setup: ignoring JPA class transformer
2025-07-27 20:00:37.815 [restartedMain] INFO  o.hibernate.orm.connections.pooling - HHH10001005: Database info:
	Database JDBC URL [Connecting through datasource 'HikariDataSource (HikariPool-1)']
	Database driver: undefined/unknown
	Database version: 17.5
	Autocommit mode: undefined/unknown
	Isolation level: undefined/unknown
	Minimum pool size: undefined/unknown
	Maximum pool size: undefined/unknown
2025-07-27 20:00:38.109 [restartedMain] INFO  o.h.e.t.j.p.i.JtaPlatformInitiator - HHH000489: No JTA platform available (set 'hibernate.transaction.jta.platform' to enable JTA platform integration)
2025-07-27 20:00:38.139 [restartedMain] INFO  o.s.o.j.LocalContainerEntityManagerFactoryBean - Initialized JPA EntityManagerFactory for persistence unit 'default'
2025-07-27 20:00:38.478 [restartedMain] INFO  o.s.b.d.a.OptionalLiveReloadServer - LiveReload server is running on port 35729
2025-07-27 20:00:38.484 [restartedMain] INFO  o.a.coyote.http11.Http11NioProtocol - Starting ProtocolHandler ["http-nio-8081"]
2025-07-27 20:00:38.491 [restartedMain] INFO  o.s.b.w.e.tomcat.TomcatWebServer - Tomcat started on port 8081 (http) with context path '/'
2025-07-27 20:00:38.499 [restartedMain] INFO  c.m.ps_empresa.PsEmpresaApplication - Started PsEmpresaApplication in 1.811 seconds (process running for 2.005)
2025-07-27 20:00:42.631 [http-nio-8081-exec-1] INFO  o.a.c.c.C.[Tomcat].[localhost].[/] - Initializing Spring DispatcherServlet 'dispatcherServlet'
2025-07-27 20:00:42.631 [http-nio-8081-exec-1] INFO  o.s.web.servlet.DispatcherServlet - Initializing Servlet 'dispatcherServlet'
2025-07-27 20:00:42.632 [http-nio-8081-exec-1] INFO  o.s.web.servlet.DispatcherServlet - Completed initialization in 1 ms
2025-07-27 20:00:42.873 [http-nio-8081-exec-4] INFO  o.s.api.AbstractOpenApiResource - Init duration for springdoc-openapi is: 129 ms
2025-07-27 20:01:08.273 [http-nio-8081-exec-5] INFO  c.m.p.controller.EmpresaController - Recebendo requisição para cadastrar empresa: CNPJ=64811238000180, Razão Social=Empresa Exemplo LTDA, Nome Fantasia=Exemplo Petshop Dogão, Telefone=41999999999, Email=lhlipinski@gmail.com, Endereco=Rua Exemplo, 123, Bloco 05, Bairro Exemplo, Cidade=Curitiba, Estado=PR, CEP=99999999
2025-07-27 20:01:50.989 [http-nio-8081-exec-7] INFO  c.m.p.controller.EmpresaController - Recebendo requisição para cadastrar empresa: CNPJ=64811238000180, Razão Social=Empresa Exemplo LTDA, Nome Fantasia=Exemplo Petshop Dogão, Telefone=41999999999, Email=lhlipinski@hotmail.com, Endereco=Rua Exemplo, 123, Bloco 05, Bairro Exemplo, Cidade=Curitiba, Estado=PR, CEP=99999999
2025-07-27 20:01:51.024 [http-nio-8081-exec-7] INFO  c.m.p.s.impl.EmpresaServiceImpl - Empresa salva no banco com ID: 53ec86b3-8b48-4790-9ca7-2ed0e6577455
2025-07-27 20:01:51.024 [http-nio-8081-exec-7] INFO  c.m.p.controller.EmpresaController - Empresa cadastrada com sucesso: id=53ec86b3-8b48-4790-9ca7-2ed0e6577455, CNPJ=64811238000180, Status=AGUARDANDO_PAGAMENTO
2025-07-27 20:02:15.068 [http-nio-8081-exec-8] INFO  c.m.p.controller.EmpresaController - Recebendo requisição para cadastrar empresa: CNPJ=20719309000143, Razão Social=Empresa Exemplo LTDA, Nome Fantasia=Exemplo Petshop Dogão, Telefone=41999999999, Email=lhlipinski@hotmail, Endereco=Rua Exemplo, 123, Bloco 05, Bairro Exemplo, Cidade=Curitiba, Estado=PR, CEP=99999999
2025-07-27 20:02:15.077 [http-nio-8081-exec-8] INFO  c.m.p.s.impl.EmpresaServiceImpl - Empresa salva no banco com ID: d30fc3c2-a19a-40ae-a68d-1e9b428cc76f
2025-07-27 20:02:15.077 [http-nio-8081-exec-8] INFO  c.m.p.controller.EmpresaController - Empresa cadastrada com sucesso: id=d30fc3c2-a19a-40ae-a68d-1e9b428cc76f, CNPJ=20719309000143, Status=AGUARDANDO_PAGAMENTO
2025-07-27 20:04:38.832 [SpringApplicationShutdownHook] INFO  o.s.b.w.e.tomcat.GracefulShutdown - Commencing graceful shutdown. Waiting for active requests to complete
2025-07-27 20:04:38.837 [tomcat-shutdown] INFO  o.s.b.w.e.tomcat.GracefulShutdown - Graceful shutdown complete
2025-07-27 20:04:38.839 [SpringApplicationShutdownHook] INFO  o.s.o.j.LocalContainerEntityManagerFactoryBean - Closing JPA EntityManagerFactory for persistence unit 'default'
2025-07-27 20:04:38.841 [SpringApplicationShutdownHook] INFO  com.zaxxer.hikari.HikariDataSource - HikariPool-1 - Shutdown initiated...
2025-07-27 20:04:38.842 [SpringApplicationShutdownHook] INFO  com.zaxxer.hikari.HikariDataSource - HikariPool-1 - Shutdown completed.
2025-07-27 20:04:40.241 [background-preinit] INFO  o.h.validator.internal.util.Version - HV000001: Hibernate Validator 8.0.2.Final
2025-07-27 20:04:40.261 [restartedMain] INFO  c.m.ps_empresa.PsEmpresaApplication - Starting PsEmpresaApplication using Java 24.0.2 with PID 28648 (/Users/luishenrique/Documents/particular/MyPetAdmin/Backend/MS/ps_empresa/target/classes started by luishenrique in /Users/luishenrique/Documents/particular/MyPetAdmin/Backend/MS/ps_empresa)
2025-07-27 20:04:40.261 [restartedMain] INFO  c.m.ps_empresa.PsEmpresaApplication - No active profile set, falling back to 1 default profile: "default"
2025-07-27 20:04:40.281 [restartedMain] INFO  o.s.b.d.e.DevToolsPropertyDefaultsPostProcessor - Devtools property defaults active! Set 'spring.devtools.add-properties' to 'false' to disable
2025-07-27 20:04:40.281 [restartedMain] INFO  o.s.b.d.e.DevToolsPropertyDefaultsPostProcessor - For additional web related logging consider setting the 'logging.level.web' property to 'DEBUG'
2025-07-27 20:04:40.681 [restartedMain] INFO  o.s.d.r.c.RepositoryConfigurationDelegate - Bootstrapping Spring Data JPA repositories in DEFAULT mode.
2025-07-27 20:04:40.706 [restartedMain] INFO  o.s.d.r.c.RepositoryConfigurationDelegate - Finished Spring Data repository scanning in 18 ms. Found 1 JPA repository interface.
2025-07-27 20:04:40.973 [restartedMain] INFO  o.s.b.w.e.tomcat.TomcatWebServer - Tomcat initialized with port 8081 (http)
2025-07-27 20:04:40.978 [restartedMain] INFO  o.a.coyote.http11.Http11NioProtocol - Initializing ProtocolHandler ["http-nio-8081"]
2025-07-27 20:04:40.979 [restartedMain] INFO  o.a.catalina.core.StandardService - Starting service [Tomcat]
2025-07-27 20:04:40.979 [restartedMain] INFO  o.a.catalina.core.StandardEngine - Starting Servlet engine: [Apache Tomcat/10.1.42]
2025-07-27 20:04:40.997 [restartedMain] INFO  o.a.c.c.C.[Tomcat].[localhost].[/] - Initializing Spring embedded WebApplicationContext
2025-07-27 20:04:40.998 [restartedMain] INFO  o.s.b.w.s.c.ServletWebServerApplicationContext - Root WebApplicationContext: initialization completed in 717 ms
2025-07-27 20:04:41.058 [restartedMain] INFO  com.zaxxer.hikari.HikariDataSource - HikariPool-1 - Starting...
2025-07-27 20:04:41.146 [restartedMain] INFO  com.zaxxer.hikari.pool.HikariPool - HikariPool-1 - Added connection org.postgresql.jdbc.PgConnection@4d7ccb90
2025-07-27 20:04:41.147 [restartedMain] INFO  com.zaxxer.hikari.HikariDataSource - HikariPool-1 - Start completed.
2025-07-27 20:04:41.198 [restartedMain] INFO  org.hibernate.Version - HHH000412: Hibernate ORM core version 6.6.18.Final
2025-07-27 20:04:41.213 [restartedMain] INFO  o.h.c.i.RegionFactoryInitiator - HHH000026: Second-level cache disabled
2025-07-27 20:04:41.335 [restartedMain] INFO  o.s.o.j.p.SpringPersistenceUnitInfo - No LoadTimeWeaver setup: ignoring JPA class transformer
2025-07-27 20:04:41.361 [restartedMain] INFO  o.hibernate.orm.connections.pooling - HHH10001005: Database info:
	Database JDBC URL [Connecting through datasource 'HikariDataSource (HikariPool-1)']
	Database driver: undefined/unknown
	Database version: 17.5
	Autocommit mode: undefined/unknown
	Isolation level: undefined/unknown
	Minimum pool size: undefined/unknown
	Maximum pool size: undefined/unknown
2025-07-27 20:04:41.693 [restartedMain] INFO  o.h.e.t.j.p.i.JtaPlatformInitiator - HHH000489: No JTA platform available (set 'hibernate.transaction.jta.platform' to enable JTA platform integration)
2025-07-27 20:04:41.720 [restartedMain] INFO  o.s.o.j.LocalContainerEntityManagerFactoryBean - Initialized JPA EntityManagerFactory for persistence unit 'default'
2025-07-27 20:04:42.099 [restartedMain] INFO  o.s.b.d.a.OptionalLiveReloadServer - LiveReload server is running on port 35729
2025-07-27 20:04:42.108 [restartedMain] INFO  o.a.coyote.http11.Http11NioProtocol - Starting ProtocolHandler ["http-nio-8081"]
2025-07-27 20:04:42.118 [restartedMain] INFO  o.s.b.w.e.tomcat.TomcatWebServer - Tomcat started on port 8081 (http) with context path '/'
2025-07-27 20:04:42.129 [restartedMain] INFO  c.m.ps_empresa.PsEmpresaApplication - Started PsEmpresaApplication in 2.188 seconds (process running for 2.731)
2025-07-27 20:04:46.461 [http-nio-8081-exec-2] INFO  o.a.c.c.C.[Tomcat].[localhost].[/] - Initializing Spring DispatcherServlet 'dispatcherServlet'
2025-07-27 20:04:46.461 [http-nio-8081-exec-2] INFO  o.s.web.servlet.DispatcherServlet - Initializing Servlet 'dispatcherServlet'
2025-07-27 20:04:46.462 [http-nio-8081-exec-2] INFO  o.s.web.servlet.DispatcherServlet - Completed initialization in 1 ms
2025-07-27 20:06:39.982 [SpringApplicationShutdownHook] INFO  o.s.b.w.e.tomcat.GracefulShutdown - Commencing graceful shutdown. Waiting for active requests to complete
2025-07-27 20:06:39.987 [tomcat-shutdown] INFO  o.s.b.w.e.tomcat.GracefulShutdown - Graceful shutdown complete
2025-07-27 20:06:39.988 [SpringApplicationShutdownHook] INFO  o.s.o.j.LocalContainerEntityManagerFactoryBean - Closing JPA EntityManagerFactory for persistence unit 'default'
2025-07-27 20:06:39.990 [SpringApplicationShutdownHook] INFO  com.zaxxer.hikari.HikariDataSource - HikariPool-1 - Shutdown initiated...
2025-07-27 20:06:39.991 [SpringApplicationShutdownHook] INFO  com.zaxxer.hikari.HikariDataSource - HikariPool-1 - Shutdown completed.
2025-07-27 20:06:42.436 [background-preinit] INFO  o.h.validator.internal.util.Version - HV000001: Hibernate Validator 8.0.2.Final
2025-07-27 20:06:42.456 [restartedMain] INFO  c.m.ps_empresa.PsEmpresaApplication - Starting PsEmpresaApplication using Java 24.0.2 with PID 28946 (/Users/luishenrique/Documents/particular/MyPetAdmin/Backend/MS/ps_empresa/target/classes started by luishenrique in /Users/luishenrique/Documents/particular/MyPetAdmin/Backend/MS/ps_empresa)
2025-07-27 20:06:42.456 [restartedMain] INFO  c.m.ps_empresa.PsEmpresaApplication - No active profile set, falling back to 1 default profile: "default"
2025-07-27 20:06:42.475 [restartedMain] INFO  o.s.b.d.e.DevToolsPropertyDefaultsPostProcessor - Devtools property defaults active! Set 'spring.devtools.add-properties' to 'false' to disable
2025-07-27 20:06:42.475 [restartedMain] INFO  o.s.b.d.e.DevToolsPropertyDefaultsPostProcessor - For additional web related logging consider setting the 'logging.level.web' property to 'DEBUG'
2025-07-27 20:06:42.854 [restartedMain] INFO  o.s.d.r.c.RepositoryConfigurationDelegate - Bootstrapping Spring Data JPA repositories in DEFAULT mode.
2025-07-27 20:06:42.880 [restartedMain] INFO  o.s.d.r.c.RepositoryConfigurationDelegate - Finished Spring Data repository scanning in 18 ms. Found 1 JPA repository interface.
2025-07-27 20:06:43.146 [restartedMain] INFO  o.s.b.w.e.tomcat.TomcatWebServer - Tomcat initialized with port 8081 (http)
2025-07-27 20:06:43.152 [restartedMain] INFO  o.a.coyote.http11.Http11NioProtocol - Initializing ProtocolHandler ["http-nio-8081"]
2025-07-27 20:06:43.153 [restartedMain] INFO  o.a.catalina.core.StandardService - Starting service [Tomcat]
2025-07-27 20:06:43.153 [restartedMain] INFO  o.a.catalina.core.StandardEngine - Starting Servlet engine: [Apache Tomcat/10.1.42]
2025-07-27 20:06:43.175 [restartedMain] INFO  o.a.c.c.C.[Tomcat].[localhost].[/] - Initializing Spring embedded WebApplicationContext
2025-07-27 20:06:43.176 [restartedMain] INFO  o.s.b.w.s.c.ServletWebServerApplicationContext - Root WebApplicationContext: initialization completed in 699 ms
2025-07-27 20:06:43.231 [restartedMain] INFO  com.zaxxer.hikari.HikariDataSource - HikariPool-1 - Starting...
2025-07-27 20:06:43.316 [restartedMain] INFO  com.zaxxer.hikari.pool.HikariPool - HikariPool-1 - Added connection org.postgresql.jdbc.PgConnection@626e0bea
2025-07-27 20:06:43.317 [restartedMain] INFO  com.zaxxer.hikari.HikariDataSource - HikariPool-1 - Start completed.
2025-07-27 20:06:43.370 [restartedMain] INFO  org.hibernate.Version - HHH000412: Hibernate ORM core version 6.6.18.Final
2025-07-27 20:06:43.382 [restartedMain] INFO  o.h.c.i.RegionFactoryInitiator - HHH000026: Second-level cache disabled
2025-07-27 20:06:43.498 [restartedMain] INFO  o.s.o.j.p.SpringPersistenceUnitInfo - No LoadTimeWeaver setup: ignoring JPA class transformer
2025-07-27 20:06:43.524 [restartedMain] INFO  o.hibernate.orm.connections.pooling - HHH10001005: Database info:
	Database JDBC URL [Connecting through datasource 'HikariDataSource (HikariPool-1)']
	Database driver: undefined/unknown
	Database version: 17.5
	Autocommit mode: undefined/unknown
	Isolation level: undefined/unknown
	Minimum pool size: undefined/unknown
	Maximum pool size: undefined/unknown
2025-07-27 20:06:43.852 [restartedMain] INFO  o.h.e.t.j.p.i.JtaPlatformInitiator - HHH000489: No JTA platform available (set 'hibernate.transaction.jta.platform' to enable JTA platform integration)
2025-07-27 20:06:43.886 [restartedMain] INFO  o.s.o.j.LocalContainerEntityManagerFactoryBean - Initialized JPA EntityManagerFactory for persistence unit 'default'
2025-07-27 20:06:44.332 [restartedMain] INFO  o.s.b.d.a.OptionalLiveReloadServer - LiveReload server is running on port 35729
2025-07-27 20:06:44.341 [restartedMain] INFO  o.a.coyote.http11.Http11NioProtocol - Starting ProtocolHandler ["http-nio-8081"]
2025-07-27 20:06:44.350 [restartedMain] INFO  o.s.b.w.e.tomcat.TomcatWebServer - Tomcat started on port 8081 (http) with context path '/'
2025-07-27 20:06:44.362 [restartedMain] INFO  c.m.ps_empresa.PsEmpresaApplication - Started PsEmpresaApplication in 2.193 seconds (process running for 2.51)
2025-07-27 20:06:59.545 [http-nio-8081-exec-2] INFO  o.a.c.c.C.[Tomcat].[localhost].[/] - Initializing Spring DispatcherServlet 'dispatcherServlet'
2025-07-27 20:06:59.545 [http-nio-8081-exec-2] INFO  o.s.web.servlet.DispatcherServlet - Initializing Servlet 'dispatcherServlet'
2025-07-27 20:06:59.546 [http-nio-8081-exec-2] INFO  o.s.web.servlet.DispatcherServlet - Completed initialization in 1 ms
2025-07-27 20:07:49.391 [http-nio-8081-exec-1] INFO  c.m.p.controller.EmpresaController - Recebendo requisição para cadastrar empresa: CNPJ=74967148000136, Razão Social=Empresa Exemplo LTDA, Nome Fantasia=Exemplo Petshop Dogão, Telefone=41999999999, Email=lhlpinski@hotmail, Endereco=Rua Exemplo, 123, Bloco 05, Bairro Exemplo, Cidade=Curitiba, Estado=PR, CEP=99999999
2025-07-27 20:07:49.480 [http-nio-8081-exec-1] INFO  c.m.p.s.impl.EmpresaServiceImpl - Empresa salva no banco com ID: 4c78d2d0-4b27-442b-8b2d-6810adcc094b
2025-07-27 20:07:49.480 [http-nio-8081-exec-1] INFO  c.m.p.controller.EmpresaController - Empresa cadastrada com sucesso: id=4c78d2d0-4b27-442b-8b2d-6810adcc094b, CNPJ=74967148000136, Status=AGUARDANDO_PAGAMENTO
2025-07-27 20:08:50.152 [http-nio-8081-exec-4] INFO  c.m.p.controller.EmpresaController - Recebendo requisição para cadastrar empresa: CNPJ=49600677000150, Razão Social=Empresa Exemplo LTDA, Nome Fantasia=Exemplo Petshop Dogão, Telefone=41999999999, Email=lhlpinski@hotmail, Endereco=Rua Exemplo, 123, Bloco 05, Bairro Exemplo, Cidade=Curitiba, Estado=PR, CEP=99999999
2025-07-27 20:16:07.016 [SpringApplicationShutdownHook] INFO  o.s.b.w.e.tomcat.GracefulShutdown - Commencing graceful shutdown. Waiting for active requests to complete
2025-07-27 20:16:07.021 [tomcat-shutdown] INFO  o.s.b.w.e.tomcat.GracefulShutdown - Graceful shutdown complete
2025-07-27 20:16:07.023 [SpringApplicationShutdownHook] INFO  o.s.o.j.LocalContainerEntityManagerFactoryBean - Closing JPA EntityManagerFactory for persistence unit 'default'
2025-07-27 20:16:07.025 [SpringApplicationShutdownHook] INFO  com.zaxxer.hikari.HikariDataSource - HikariPool-1 - Shutdown initiated...
2025-07-27 20:16:07.026 [SpringApplicationShutdownHook] INFO  com.zaxxer.hikari.HikariDataSource - HikariPool-1 - Shutdown completed.
2025-07-27 20:16:09.656 [background-preinit] INFO  o.h.validator.internal.util.Version - HV000001: Hibernate Validator 8.0.2.Final
2025-07-27 20:16:09.671 [restartedMain] INFO  c.m.ps_empresa.PsEmpresaApplication - Starting PsEmpresaApplication using Java 24.0.2 with PID 30329 (/Users/luishenrique/Documents/particular/MyPetAdmin/Backend/MS/ps_empresa/target/classes started by luishenrique in /Users/luishenrique/Documents/particular/MyPetAdmin/Backend/MS/ps_empresa)
2025-07-27 20:16:09.671 [restartedMain] INFO  c.m.ps_empresa.PsEmpresaApplication - No active profile set, falling back to 1 default profile: "default"
2025-07-27 20:16:09.688 [restartedMain] INFO  o.s.b.d.e.DevToolsPropertyDefaultsPostProcessor - Devtools property defaults active! Set 'spring.devtools.add-properties' to 'false' to disable
2025-07-27 20:16:09.689 [restartedMain] INFO  o.s.b.d.e.DevToolsPropertyDefaultsPostProcessor - For additional web related logging consider setting the 'logging.level.web' property to 'DEBUG'
2025-07-27 20:16:10.002 [restartedMain] INFO  o.s.d.r.c.RepositoryConfigurationDelegate - Bootstrapping Spring Data JPA repositories in DEFAULT mode.
2025-07-27 20:16:10.030 [restartedMain] INFO  o.s.d.r.c.RepositoryConfigurationDelegate - Finished Spring Data repository scanning in 21 ms. Found 1 JPA repository interface.
2025-07-27 20:16:10.242 [restartedMain] INFO  o.s.b.w.e.tomcat.TomcatWebServer - Tomcat initialized with port 8081 (http)
2025-07-27 20:16:10.247 [restartedMain] INFO  o.a.coyote.http11.Http11NioProtocol - Initializing ProtocolHandler ["http-nio-8081"]
2025-07-27 20:16:10.248 [restartedMain] INFO  o.a.catalina.core.StandardService - Starting service [Tomcat]
2025-07-27 20:16:10.248 [restartedMain] INFO  o.a.catalina.core.StandardEngine - Starting Servlet engine: [Apache Tomcat/10.1.42]
2025-07-27 20:16:10.262 [restartedMain] INFO  o.a.c.c.C.[Tomcat].[localhost].[/] - Initializing Spring embedded WebApplicationContext
2025-07-27 20:16:10.262 [restartedMain] INFO  o.s.b.w.s.c.ServletWebServerApplicationContext - Root WebApplicationContext: initialization completed in 573 ms
2025-07-27 20:16:10.308 [restartedMain] INFO  com.zaxxer.hikari.HikariDataSource - HikariPool-1 - Starting...
2025-07-27 20:16:10.377 [restartedMain] INFO  com.zaxxer.hikari.pool.HikariPool - HikariPool-1 - Added connection org.postgresql.jdbc.PgConnection@3e299b75
2025-07-27 20:16:10.377 [restartedMain] INFO  com.zaxxer.hikari.HikariDataSource - HikariPool-1 - Start completed.
2025-07-27 20:16:10.429 [restartedMain] INFO  org.hibernate.Version - HHH000412: Hibernate ORM core version 6.6.18.Final
2025-07-27 20:16:10.440 [restartedMain] INFO  o.h.c.i.RegionFactoryInitiator - HHH000026: Second-level cache disabled
2025-07-27 20:16:10.539 [restartedMain] INFO  o.s.o.j.p.SpringPersistenceUnitInfo - No LoadTimeWeaver setup: ignoring JPA class transformer
2025-07-27 20:16:10.568 [restartedMain] INFO  o.hibernate.orm.connections.pooling - HHH10001005: Database info:
	Database JDBC URL [Connecting through datasource 'HikariDataSource (HikariPool-1)']
	Database driver: undefined/unknown
	Database version: 17.5
	Autocommit mode: undefined/unknown
	Isolation level: undefined/unknown
	Minimum pool size: undefined/unknown
	Maximum pool size: undefined/unknown
2025-07-27 20:16:10.895 [restartedMain] INFO  o.h.e.t.j.p.i.JtaPlatformInitiator - HHH000489: No JTA platform available (set 'hibernate.transaction.jta.platform' to enable JTA platform integration)
2025-07-27 20:16:10.917 [restartedMain] INFO  o.s.o.j.LocalContainerEntityManagerFactoryBean - Initialized JPA EntityManagerFactory for persistence unit 'default'
2025-07-27 20:16:11.288 [restartedMain] INFO  o.s.b.d.a.OptionalLiveReloadServer - LiveReload server is running on port 35729
2025-07-27 20:16:11.294 [restartedMain] INFO  o.a.coyote.http11.Http11NioProtocol - Starting ProtocolHandler ["http-nio-8081"]
2025-07-27 20:16:11.301 [restartedMain] INFO  o.s.b.w.e.tomcat.TomcatWebServer - Tomcat started on port 8081 (http) with context path '/'
2025-07-27 20:16:11.311 [restartedMain] INFO  c.m.ps_empresa.PsEmpresaApplication - Started PsEmpresaApplication in 1.872 seconds (process running for 2.052)
2025-07-27 20:16:25.194 [http-nio-8081-exec-1] INFO  o.a.c.c.C.[Tomcat].[localhost].[/] - Initializing Spring DispatcherServlet 'dispatcherServlet'
2025-07-27 20:16:25.194 [http-nio-8081-exec-1] INFO  o.s.web.servlet.DispatcherServlet - Initializing Servlet 'dispatcherServlet'
2025-07-27 20:16:25.195 [http-nio-8081-exec-1] INFO  o.s.web.servlet.DispatcherServlet - Completed initialization in 1 ms
2025-07-27 20:16:54.246 [http-nio-8081-exec-3] INFO  c.m.p.controller.EmpresaController - Recebendo requisição para cadastrar empresa: CNPJ=95997041000100, Razão Social=Empresa Exemplo LTDA, Nome Fantasia=Exemplo Petshop Dogão, Telefone=41999999999, Email=luizao@hotmail.com.br, Endereco=Rua Exemplo, 123, Bloco 05, Bairro Exemplo, Cidade=Curitiba, Estado=PR, CEP=99999999
2025-07-27 20:16:54.330 [http-nio-8081-exec-3] INFO  c.m.p.s.impl.EmpresaServiceImpl - Empresa salva no banco com ID: 90c6b111-2d83-46d6-a7b4-4edfdf9593c9
2025-07-27 20:16:54.331 [http-nio-8081-exec-3] INFO  c.m.p.controller.EmpresaController - Empresa cadastrada com sucesso: id=90c6b111-2d83-46d6-a7b4-4edfdf9593c9, CNPJ=95997041000100, Status=AGUARDANDO_PAGAMENTO
2025-07-27 20:24:37.573 [SpringApplicationShutdownHook] INFO  o.s.b.w.e.tomcat.GracefulShutdown - Commencing graceful shutdown. Waiting for active requests to complete
2025-07-27 20:24:37.578 [tomcat-shutdown] INFO  o.s.b.w.e.tomcat.GracefulShutdown - Graceful shutdown complete
2025-07-27 20:24:37.580 [SpringApplicationShutdownHook] INFO  o.s.o.j.LocalContainerEntityManagerFactoryBean - Closing JPA EntityManagerFactory for persistence unit 'default'
2025-07-27 20:24:37.582 [SpringApplicationShutdownHook] INFO  com.zaxxer.hikari.HikariDataSource - HikariPool-1 - Shutdown initiated...
2025-07-27 20:24:37.583 [SpringApplicationShutdownHook] INFO  com.zaxxer.hikari.HikariDataSource - HikariPool-1 - Shutdown completed.
2025-07-27 20:25:12.092 [background-preinit] INFO  o.h.validator.internal.util.Version - HV000001: Hibernate Validator 8.0.2.Final
2025-07-27 20:25:12.104 [restartedMain] INFO  c.m.ps_empresa.PsEmpresaApplication - Starting PsEmpresaApplication using Java 24.0.2 with PID 31542 (/Users/luishenrique/Documents/particular/MyPetAdmin/Backend/MS/ps_empresa/target/classes started by luishenrique in /Users/luishenrique/Documents/particular/MyPetAdmin/Backend/MS/ps_empresa)
2025-07-27 20:25:12.105 [restartedMain] INFO  c.m.ps_empresa.PsEmpresaApplication - No active profile set, falling back to 1 default profile: "default"
2025-07-27 20:25:12.121 [restartedMain] INFO  o.s.b.d.e.DevToolsPropertyDefaultsPostProcessor - Devtools property defaults active! Set 'spring.devtools.add-properties' to 'false' to disable
2025-07-27 20:25:12.121 [restartedMain] INFO  o.s.b.d.e.DevToolsPropertyDefaultsPostProcessor - For additional web related logging consider setting the 'logging.level.web' property to 'DEBUG'
2025-07-27 20:25:12.453 [restartedMain] INFO  o.s.d.r.c.RepositoryConfigurationDelegate - Bootstrapping Spring Data JPA repositories in DEFAULT mode.
2025-07-27 20:25:12.482 [restartedMain] INFO  o.s.d.r.c.RepositoryConfigurationDelegate - Finished Spring Data repository scanning in 21 ms. Found 1 JPA repository interface.
2025-07-27 20:25:12.702 [restartedMain] INFO  o.s.b.w.e.tomcat.TomcatWebServer - Tomcat initialized with port 8081 (http)
2025-07-27 20:25:12.708 [restartedMain] INFO  o.a.coyote.http11.Http11NioProtocol - Initializing ProtocolHandler ["http-nio-8081"]
2025-07-27 20:25:12.708 [restartedMain] INFO  o.a.catalina.core.StandardService - Starting service [Tomcat]
2025-07-27 20:25:12.708 [restartedMain] INFO  o.a.catalina.core.StandardEngine - Starting Servlet engine: [Apache Tomcat/10.1.42]
2025-07-27 20:25:12.722 [restartedMain] INFO  o.a.c.c.C.[Tomcat].[localhost].[/] - Initializing Spring embedded WebApplicationContext
2025-07-27 20:25:12.722 [restartedMain] INFO  o.s.b.w.s.c.ServletWebServerApplicationContext - Root WebApplicationContext: initialization completed in 601 ms
2025-07-27 20:25:12.770 [restartedMain] INFO  com.zaxxer.hikari.HikariDataSource - HikariPool-1 - Starting...
2025-07-27 20:25:12.839 [restartedMain] INFO  com.zaxxer.hikari.pool.HikariPool - HikariPool-1 - Added connection org.postgresql.jdbc.PgConnection@448d697f
2025-07-27 20:25:12.841 [restartedMain] INFO  com.zaxxer.hikari.HikariDataSource - HikariPool-1 - Start completed.
2025-07-27 20:25:12.891 [restartedMain] INFO  org.hibernate.Version - HHH000412: Hibernate ORM core version 6.6.18.Final
2025-07-27 20:25:12.901 [restartedMain] INFO  o.h.c.i.RegionFactoryInitiator - HHH000026: Second-level cache disabled
2025-07-27 20:25:13.000 [restartedMain] INFO  o.s.o.j.p.SpringPersistenceUnitInfo - No LoadTimeWeaver setup: ignoring JPA class transformer
2025-07-27 20:25:13.028 [restartedMain] INFO  o.hibernate.orm.connections.pooling - HHH10001005: Database info:
	Database JDBC URL [Connecting through datasource 'HikariDataSource (HikariPool-1)']
	Database driver: undefined/unknown
	Database version: 17.5
	Autocommit mode: undefined/unknown
	Isolation level: undefined/unknown
	Minimum pool size: undefined/unknown
	Maximum pool size: undefined/unknown
2025-07-27 20:25:13.312 [restartedMain] INFO  o.h.e.t.j.p.i.JtaPlatformInitiator - HHH000489: No JTA platform available (set 'hibernate.transaction.jta.platform' to enable JTA platform integration)
2025-07-27 20:25:13.340 [restartedMain] INFO  o.s.o.j.LocalContainerEntityManagerFactoryBean - Initialized JPA EntityManagerFactory for persistence unit 'default'
2025-07-27 20:25:13.691 [restartedMain] INFO  o.s.b.d.a.OptionalLiveReloadServer - LiveReload server is running on port 35729
2025-07-27 20:25:13.701 [restartedMain] INFO  o.a.coyote.http11.Http11NioProtocol - Starting ProtocolHandler ["http-nio-8081"]
2025-07-27 20:25:13.709 [restartedMain] INFO  o.s.b.w.e.tomcat.TomcatWebServer - Tomcat started on port 8081 (http) with context path '/'
2025-07-27 20:25:13.719 [restartedMain] INFO  c.m.ps_empresa.PsEmpresaApplication - Started PsEmpresaApplication in 1.839 seconds (process running for 2.019)
2025-07-27 20:25:36.308 [http-nio-8081-exec-1] INFO  o.a.c.c.C.[Tomcat].[localhost].[/] - Initializing Spring DispatcherServlet 'dispatcherServlet'
2025-07-27 20:25:36.308 [http-nio-8081-exec-1] INFO  o.s.web.servlet.DispatcherServlet - Initializing Servlet 'dispatcherServlet'
2025-07-27 20:25:36.309 [http-nio-8081-exec-1] INFO  o.s.web.servlet.DispatcherServlet - Completed initialization in 1 ms
2025-07-27 20:28:51.970 [SpringApplicationShutdownHook] INFO  o.s.b.w.e.tomcat.GracefulShutdown - Commencing graceful shutdown. Waiting for active requests to complete
2025-07-27 20:28:51.975 [tomcat-shutdown] INFO  o.s.b.w.e.tomcat.GracefulShutdown - Graceful shutdown complete
2025-07-27 20:28:51.977 [SpringApplicationShutdownHook] INFO  o.s.o.j.LocalContainerEntityManagerFactoryBean - Closing JPA EntityManagerFactory for persistence unit 'default'
2025-07-27 20:28:51.979 [SpringApplicationShutdownHook] INFO  com.zaxxer.hikari.HikariDataSource - HikariPool-1 - Shutdown initiated...
2025-07-27 20:28:51.980 [SpringApplicationShutdownHook] INFO  com.zaxxer.hikari.HikariDataSource - HikariPool-1 - Shutdown completed.
2025-07-27 20:28:53.495 [background-preinit] INFO  o.h.validator.internal.util.Version - HV000001: Hibernate Validator 8.0.2.Final
2025-07-27 20:28:53.509 [restartedMain] INFO  c.m.ps_empresa.PsEmpresaApplication - Starting PsEmpresaApplication using Java 24.0.2 with PID 32133 (/Users/luishenrique/Documents/particular/MyPetAdmin/Backend/MS/ps_empresa/target/classes started by luishenrique in /Users/luishenrique/Documents/particular/MyPetAdmin/Backend/MS/ps_empresa)
2025-07-27 20:28:53.510 [restartedMain] INFO  c.m.ps_empresa.PsEmpresaApplication - No active profile set, falling back to 1 default profile: "default"
2025-07-27 20:28:53.525 [restartedMain] INFO  o.s.b.d.e.DevToolsPropertyDefaultsPostProcessor - Devtools property defaults active! Set 'spring.devtools.add-properties' to 'false' to disable
2025-07-27 20:28:53.525 [restartedMain] INFO  o.s.b.d.e.DevToolsPropertyDefaultsPostProcessor - For additional web related logging consider setting the 'logging.level.web' property to 'DEBUG'
2025-07-27 20:28:53.815 [restartedMain] INFO  o.s.d.r.c.RepositoryConfigurationDelegate - Bootstrapping Spring Data JPA repositories in DEFAULT mode.
2025-07-27 20:28:53.842 [restartedMain] INFO  o.s.d.r.c.RepositoryConfigurationDelegate - Finished Spring Data repository scanning in 21 ms. Found 1 JPA repository interface.
2025-07-27 20:28:54.033 [restartedMain] INFO  o.s.b.w.e.tomcat.TomcatWebServer - Tomcat initialized with port 8081 (http)
2025-07-27 20:28:54.040 [restartedMain] INFO  o.a.coyote.http11.Http11NioProtocol - Initializing ProtocolHandler ["http-nio-8081"]
2025-07-27 20:28:54.041 [restartedMain] INFO  o.a.catalina.core.StandardService - Starting service [Tomcat]
2025-07-27 20:28:54.041 [restartedMain] INFO  o.a.catalina.core.StandardEngine - Starting Servlet engine: [Apache Tomcat/10.1.42]
2025-07-27 20:28:54.057 [restartedMain] INFO  o.a.c.c.C.[Tomcat].[localhost].[/] - Initializing Spring embedded WebApplicationContext
2025-07-27 20:28:54.058 [restartedMain] INFO  o.s.b.w.s.c.ServletWebServerApplicationContext - Root WebApplicationContext: initialization completed in 533 ms
2025-07-27 20:28:54.109 [restartedMain] INFO  com.zaxxer.hikari.HikariDataSource - HikariPool-1 - Starting...
2025-07-27 20:28:54.180 [restartedMain] INFO  com.zaxxer.hikari.pool.HikariPool - HikariPool-1 - Added connection org.postgresql.jdbc.PgConnection@5a3e74ae
2025-07-27 20:28:54.180 [restartedMain] INFO  com.zaxxer.hikari.HikariDataSource - HikariPool-1 - Start completed.
2025-07-27 20:28:54.223 [restartedMain] INFO  org.hibernate.Version - HHH000412: Hibernate ORM core version 6.6.18.Final
2025-07-27 20:28:54.232 [restartedMain] INFO  o.h.c.i.RegionFactoryInitiator - HHH000026: Second-level cache disabled
2025-07-27 20:28:54.332 [restartedMain] INFO  o.s.o.j.p.SpringPersistenceUnitInfo - No LoadTimeWeaver setup: ignoring JPA class transformer
2025-07-27 20:28:54.355 [restartedMain] INFO  o.hibernate.orm.connections.pooling - HHH10001005: Database info:
	Database JDBC URL [Connecting through datasource 'HikariDataSource (HikariPool-1)']
	Database driver: undefined/unknown
	Database version: 17.5
	Autocommit mode: undefined/unknown
	Isolation level: undefined/unknown
	Minimum pool size: undefined/unknown
	Maximum pool size: undefined/unknown
2025-07-27 20:28:54.646 [restartedMain] INFO  o.h.e.t.j.p.i.JtaPlatformInitiator - HHH000489: No JTA platform available (set 'hibernate.transaction.jta.platform' to enable JTA platform integration)
2025-07-27 20:28:54.675 [restartedMain] INFO  o.s.o.j.LocalContainerEntityManagerFactoryBean - Initialized JPA EntityManagerFactory for persistence unit 'default'
2025-07-27 20:28:55.007 [restartedMain] INFO  o.s.b.d.a.OptionalLiveReloadServer - LiveReload server is running on port 35729
2025-07-27 20:28:55.013 [restartedMain] INFO  o.a.coyote.http11.Http11NioProtocol - Starting ProtocolHandler ["http-nio-8081"]
2025-07-27 20:28:55.020 [restartedMain] INFO  o.s.b.w.e.tomcat.TomcatWebServer - Tomcat started on port 8081 (http) with context path '/'
2025-07-27 20:28:55.027 [restartedMain] INFO  c.m.ps_empresa.PsEmpresaApplication - Started PsEmpresaApplication in 1.739 seconds (process running for 1.915)
2025-07-27 20:28:59.745 [http-nio-8081-exec-1] INFO  o.a.c.c.C.[Tomcat].[localhost].[/] - Initializing Spring DispatcherServlet 'dispatcherServlet'
2025-07-27 20:28:59.745 [http-nio-8081-exec-1] INFO  o.s.web.servlet.DispatcherServlet - Initializing Servlet 'dispatcherServlet'
2025-07-27 20:28:59.746 [http-nio-8081-exec-1] INFO  o.s.web.servlet.DispatcherServlet - Completed initialization in 1 ms
