2025-08-27 20:38:26.556 [SpringApplicationShutdownHook] INFO  o.s.b.w.e.tomcat.GracefulShutdown - Commencing graceful shutdown. Waiting for active requests to complete
2025-08-27 20:38:26.583 [tomcat-shutdown] INFO  o.s.b.w.e.tomcat.GracefulShutdown - Graceful shutdown complete
2025-08-27 20:38:26.602 [SpringApplicationShutdownHook] INFO  o.s.o.j.LocalContainerEntityManagerFactoryBean - Closing JPA EntityManagerFactory for persistence unit 'default'
2025-08-27 20:38:26.628 [SpringApplicationShutdownHook] INFO  com.zaxxer.hikari.HikariDataSource - HikariPool-1 - Shutdown initiated...
2025-08-27 20:38:26.634 [SpringApplicationShutdownHook] INFO  com.zaxxer.hikari.HikariDataSource - HikariPool-1 - Shutdown completed.
2025-08-27 20:38:28.996 [background-preinit] INFO  o.h.validator.internal.util.Version - HV000001: Hibernate Validator 8.0.2.Final
2025-08-27 20:38:29.018 [restartedMain] INFO  c.m.ps_empresa.PsEmpresaApplication - Starting PsEmpresaApplication using Java 24.0.2 with PID 84915 (/Users/luishenrique/Documents/particular/MyPetAdmin/Backend/MS/ps_empresa/target/classes started by luishenrique in /Users/luishenrique/Documents/particular/MyPetAdmin/Backend/MS/ps_empresa)
2025-08-27 20:38:29.019 [restartedMain] INFO  c.m.ps_empresa.PsEmpresaApplication - No active profile set, falling back to 1 default profile: "default"
2025-08-27 20:38:29.041 [restartedMain] INFO  o.s.b.d.e.DevToolsPropertyDefaultsPostProcessor - Devtools property defaults active! Set 'spring.devtools.add-properties' to 'false' to disable
2025-08-27 20:38:29.041 [restartedMain] INFO  o.s.b.d.e.DevToolsPropertyDefaultsPostProcessor - For additional web related logging consider setting the 'logging.level.web' property to 'DEBUG'
2025-08-27 20:38:29.424 [restartedMain] INFO  o.s.d.r.c.RepositoryConfigurationDelegate - Bootstrapping Spring Data JPA repositories in DEFAULT mode.
2025-08-27 20:38:29.454 [restartedMain] INFO  o.s.d.r.c.RepositoryConfigurationDelegate - Finished Spring Data repository scanning in 24 ms. Found 1 JPA repository interface.
2025-08-27 20:38:29.728 [restartedMain] INFO  o.s.b.w.e.tomcat.TomcatWebServer - Tomcat initialized with port 8081 (http)
2025-08-27 20:38:29.738 [restartedMain] INFO  o.a.coyote.http11.Http11NioProtocol - Initializing ProtocolHandler ["http-nio-8081"]
2025-08-27 20:38:29.740 [restartedMain] INFO  o.a.catalina.core.StandardService - Starting service [Tomcat]
2025-08-27 20:38:29.740 [restartedMain] INFO  o.a.catalina.core.StandardEngine - Starting Servlet engine: [Apache Tomcat/10.1.42]
2025-08-27 20:38:29.769 [restartedMain] INFO  o.a.c.c.C.[Tomcat].[localhost].[/] - Initializing Spring embedded WebApplicationContext
2025-08-27 20:38:29.769 [restartedMain] INFO  o.s.b.w.s.c.ServletWebServerApplicationContext - Root WebApplicationContext: initialization completed in 728 ms
2025-08-27 20:38:29.923 [restartedMain] INFO  org.hibernate.Version - HHH000412: Hibernate ORM core version 6.6.18.Final
2025-08-27 20:38:29.939 [restartedMain] INFO  o.h.c.i.RegionFactoryInitiator - HHH000026: Second-level cache disabled
2025-08-27 20:38:30.135 [restartedMain] INFO  o.s.o.j.p.SpringPersistenceUnitInfo - No LoadTimeWeaver setup: ignoring JPA class transformer
2025-08-27 20:38:30.164 [restartedMain] INFO  com.zaxxer.hikari.HikariDataSource - HikariPool-1 - Starting...
2025-08-27 20:38:30.278 [restartedMain] INFO  com.zaxxer.hikari.pool.HikariPool - HikariPool-1 - Added connection org.postgresql.jdbc.PgConnection@46101971
2025-08-27 20:38:30.281 [restartedMain] INFO  com.zaxxer.hikari.HikariDataSource - HikariPool-1 - Start completed.
2025-08-27 20:38:30.317 [restartedMain] INFO  o.hibernate.orm.connections.pooling - HHH10001005: Database info:
	Database JDBC URL [Connecting through datasource 'HikariDataSource (HikariPool-1)']
	Database driver: undefined/unknown
	Database version: 17.6
	Autocommit mode: undefined/unknown
	Isolation level: undefined/unknown
	Minimum pool size: undefined/unknown
	Maximum pool size: undefined/unknown
2025-08-27 20:38:31.033 [restartedMain] INFO  o.h.e.t.j.p.i.JtaPlatformInitiator - HHH000489: No JTA platform available (set 'hibernate.transaction.jta.platform' to enable JTA platform integration)
2025-08-27 20:38:31.079 [restartedMain] INFO  o.s.o.j.LocalContainerEntityManagerFactoryBean - Initialized JPA EntityManagerFactory for persistence unit 'default'
2025-08-27 20:38:31.561 [restartedMain] INFO  o.a.coyote.http11.Http11NioProtocol - Starting ProtocolHandler ["http-nio-8081"]
2025-08-27 20:38:31.571 [restartedMain] INFO  o.s.b.w.e.tomcat.TomcatWebServer - Tomcat started on port 8081 (http) with context path '/'
2025-08-27 20:38:31.581 [restartedMain] INFO  c.m.ps_empresa.PsEmpresaApplication - Started PsEmpresaApplication in 2.88 seconds (process running for 3.23)
2025-08-27 20:40:44.031 [http-nio-8081-exec-1] INFO  o.a.c.c.C.[Tomcat].[localhost].[/] - Initializing Spring DispatcherServlet 'dispatcherServlet'
2025-08-27 20:40:44.031 [http-nio-8081-exec-1] INFO  o.s.web.servlet.DispatcherServlet - Initializing Servlet 'dispatcherServlet'
2025-08-27 20:40:44.045 [http-nio-8081-exec-1] INFO  o.s.web.servlet.DispatcherServlet - Completed initialization in 14 ms
2025-08-27 20:40:44.715 [http-nio-8081-exec-10] INFO  o.s.api.AbstractOpenApiResource - Init duration for springdoc-openapi is: 301 ms
2025-08-27 20:40:56.622 [http-nio-8081-exec-6] INFO  c.m.p.controller.EmpresaController - Iniciado a busca por empresas no banco de dados
2025-08-27 20:40:56.729 [http-nio-8081-exec-6] INFO  c.m.p.s.impl.EmpresaServiceImpl - Busca de empresas realizada com filtros: | Total resultados: 5
2025-08-27 20:41:42.273 [http-nio-8081-exec-1] INFO  c.m.p.controller.EmpresaController - Iniciado a busca pela empresa com id: 8665e9d0-d500-4c79-94c9-be92bdff8531
2025-08-27 20:41:42.302 [http-nio-8081-exec-1] INFO  c.m.p.s.impl.EmpresaServiceImpl - Empresa com o id 8665e9d0-d500-4c79-94c9-be92bdff8531 foi encontrada com sucesso
2025-08-27 20:43:31.214 [http-nio-8081-exec-4] INFO  c.m.p.controller.EmpresaController - Iniciado a busca pela empresa com id: 9155410b-486f-4c46-9088-b24df45cc572
2025-08-27 20:43:31.228 [http-nio-8081-exec-4] INFO  c.m.p.s.impl.EmpresaServiceImpl - Empresa com o id 9155410b-486f-4c46-9088-b24df45cc572 foi encontrada com sucesso
2025-08-27 20:44:25.498 [http-nio-8081-exec-6] INFO  c.m.p.controller.EmpresaController - Iniciado a busca pela empresa com id: 75db5864-8ca9-45f2-9130-88260d6baca8
2025-08-27 20:44:25.506 [http-nio-8081-exec-6] INFO  c.m.p.s.impl.EmpresaServiceImpl - Empresa com o id 75db5864-8ca9-45f2-9130-88260d6baca8 foi encontrada com sucesso
